#
# There is insufficient memory for the Java Runtime Environment to continue.
# Native memory allocation (malloc) failed to allocate 1048576 bytes for AllocateHeap
# Possible reasons:
#   The system is out of physical RAM or swap space
#   The process is running with CompressedOops enabled, and the Java Heap may be blocking the growth of the native heap
# Possible solutions:
#   Reduce memory load on the system
#   Increase physical memory or swap space
#   Check if swap backing store is full
#   Decrease Java heap size (-Xmx/-Xms)
#   Decrease number of Java threads
#   Decrease Java thread stack sizes (-Xss)
#   Set larger code cache with -XX:ReservedCodeCacheSize=
#   JVM is running with Unscaled Compressed Oops mode in which the Java heap is
#     placed in the first 4GB address space. The Java Heap base address is the
#     maximum limit for the native heap growth. Please use -XX:HeapBaseMinAddress
#     to set the Java Heap base and to place the Java Heap above 4GB virtual address.
# This output file may be truncated or incomplete.
#
#  Out of Memory Error (memory/allocation.inline.hpp:61), pid=12684, tid=0x0000000000002968
#
# JRE version:  (8.0_241-b07) (build )
# Java VM: Java HotSpot(TM) 64-Bit Server VM (25.241-b07 mixed mode windows-amd64 compressed oops)
# Failed to write core dump. Minidumps are not enabled by default on client versions of Windows
#

---------------  T H R E A D  ---------------

Current thread (0x0000000002813800):  JavaThread "Unknown thread" [_thread_in_vm, id=10600, stack(0x00000000024b0000,0x00000000025b0000)]

Stack: [0x00000000024b0000,0x00000000025b0000]
[error occurred during error reporting (printing stack bounds), id 0xc0000005]

Native frames: (J=compiled Java code, j=interpreted, Vv=VM code, C=native code)


---------------  P R O C E S S  ---------------

Java Threads: ( => current thread )

Other Threads:

=>0x0000000002813800 (exited) JavaThread "Unknown thread" [_thread_in_vm, id=10600, stack(0x00000000024b0000,0x00000000025b0000)]

VM state:not at safepoint (normal execution)

VM Mutex/Monitor currently owned by a thread: None

heap address: 0x0000000081e00000, size: 2018 MB, Compressed Oops mode: 32-bit
Narrow klass base: 0x0000000000000000, Narrow klass shift: 3
Compressed class space size: 1073741824 Address: 0x0000000100000000

Heap:
 PSYoungGen      total 38400K, used 665K [0x00000000d5f80000, 0x00000000d8a00000, 0x0000000100000000)
  eden space 33280K, 2% used [0x00000000d5f80000,0x00000000d6026670,0x00000000d8000000)
  from space 5120K, 0% used [0x00000000d8500000,0x00000000d8500000,0x00000000d8a00000)
  to   space 5120K, 0% used [0x00000000d8000000,0x00000000d8000000,0x00000000d8500000)
 ParOldGen       total 87552K, used 0K [0x0000000081e00000, 0x0000000087380000, 0x00000000d5f80000)
  object space 87552K, 0% used [0x0000000081e00000,0x0000000081e00000,0x0000000087380000)
 Metaspace       used 776K, capacity 4480K, committed 4480K, reserved 1056768K
  class space    used 76K, capacity 384K, committed 384K, reserved 1048576K

Card table byte_map: [0x0000000011cd0000,0x00000000120d0000] byte_map_base: 0x00000000118c1000

Marking Bits: (ParMarkBitMap*) 0x000000006391be30
 Begin Bits: [0x0000000012780000, 0x0000000014708000)
 End Bits:   [0x0000000014708000, 0x0000000016690000)

Polling page: 0x0000000000bf0000

CodeCache: size=245760Kb used=328Kb max_used=328Kb free=245431Kb
 bounds [0x0000000002910000, 0x0000000002b80000, 0x0000000011910000]
 total_blobs=58 nmethods=0 adapters=38
 compilation: enabled

Compilation events (0 events):
No events

GC Heap History (0 events):
No events

Deoptimization events (0 events):
No events

Classes redefined (0 events):
No events

Internal exceptions (0 events):
No events

Events (10 events):
Event: 0.064 loading class java/lang/Short
Event: 0.064 loading class java/lang/Short done
Event: 0.064 loading class java/lang/Integer
Event: 0.064 loading class java/lang/Integer done
Event: 0.064 loading class java/lang/Long
Event: 0.064 loading class java/lang/Long done
Event: 0.068 loading class java/lang/NullPointerException
Event: 0.068 loading class java/lang/NullPointerException done
Event: 0.068 loading class java/lang/ArithmeticException
Event: 0.068 loading class java/lang/ArithmeticException done


Dynamic libraries:
0x00007ff77bfb0000 - 0x00007ff77bfe7000 	C:\Program Files\Java\jdk1.8.0_241\bin\java.exe
0x00007ffcf8960000 - 0x00007ffcf8b50000 	C:\WINDOWS\SYSTEM32\ntdll.dll
0x00007ffcee300000 - 0x00007ffcee315000 	C:\Program Files\AVAST Software\Avast\aswhook.dll
0x00007ffcf6a10000 - 0x00007ffcf6ac2000 	C:\WINDOWS\System32\KERNEL32.DLL
0x00007ffcf5a40000 - 0x00007ffcf5ce3000 	C:\WINDOWS\System32\KERNELBASE.dll
0x00007ffcf7330000 - 0x00007ffcf73d3000 	C:\WINDOWS\System32\ADVAPI32.dll
0x00007ffcf79f0000 - 0x00007ffcf7a8e000 	C:\WINDOWS\System32\msvcrt.dll
0x00007ffcf87b0000 - 0x00007ffcf8847000 	C:\WINDOWS\System32\sechost.dll
0x00007ffcf70b0000 - 0x00007ffcf71d0000 	C:\WINDOWS\System32\RPCRT4.dll
0x00007ffcf6f10000 - 0x00007ffcf70a4000 	C:\WINDOWS\System32\USER32.dll
0x00007ffcf5990000 - 0x00007ffcf59b1000 	C:\WINDOWS\System32\win32u.dll
0x00007ffcf75f0000 - 0x00007ffcf7616000 	C:\WINDOWS\System32\GDI32.dll
0x00007ffcf6740000 - 0x00007ffcf68d4000 	C:\WINDOWS\System32\gdi32full.dll
0x00007ffcf58f0000 - 0x00007ffcf598e000 	C:\WINDOWS\System32\msvcp_win.dll
0x00007ffcf6640000 - 0x00007ffcf673a000 	C:\WINDOWS\System32\ucrtbase.dll
0x00007ffce6ab0000 - 0x00007ffce6d35000 	C:\WINDOWS\WinSxS\amd64_microsoft.windows.common-controls_6595b64144ccf1df_6.0.18362.657_none_e6c5b579130e3898\COMCTL32.dll
0x00007ffcf7620000 - 0x00007ffcf7956000 	C:\WINDOWS\System32\combase.dll
0x00007ffcf68e0000 - 0x00007ffcf6960000 	C:\WINDOWS\System32\bcryptPrimitives.dll
0x00007ffcf8780000 - 0x00007ffcf87ae000 	C:\WINDOWS\System32\IMM32.DLL
0x00007ffcf5530000 - 0x00007ffcf5627000 	C:\Windows\system32\guard64.dll
0x00007ffcf5380000 - 0x00007ffcf538a000 	C:\WINDOWS\system32\version.dll
0x00007ffcf71d0000 - 0x00007ffcf7326000 	C:\WINDOWS\System32\ole32.dll
0x00007ffcf5280000 - 0x00007ffcf528a000 	C:\WINDOWS\system32\fltlib.dll
0x00007ffcf7f00000 - 0x00007ffcf85e5000 	C:\WINDOWS\System32\shell32.dll
0x00007ffcf5d20000 - 0x00007ffcf5d6a000 	C:\WINDOWS\System32\cfgmgr32.dll
0x00007ffcf8600000 - 0x00007ffcf86a9000 	C:\WINDOWS\System32\shcore.dll
0x00007ffcf5ec0000 - 0x00007ffcf663f000 	C:\WINDOWS\System32\windows.storage.dll
0x00007ffcf5880000 - 0x00007ffcf589f000 	C:\WINDOWS\System32\profapi.dll
0x00007ffcf58a0000 - 0x00007ffcf58ea000 	C:\WINDOWS\System32\powrprof.dll
0x00007ffcf5830000 - 0x00007ffcf5840000 	C:\WINDOWS\System32\UMPDC.dll
0x00007ffcf86b0000 - 0x00007ffcf8702000 	C:\WINDOWS\System32\shlwapi.dll
0x00007ffcf5860000 - 0x00007ffcf5871000 	C:\WINDOWS\System32\kernel.appcore.dll
0x00007ffcf59c0000 - 0x00007ffcf59d7000 	C:\WINDOWS\System32\cryptsp.dll
0x0000000064130000 - 0x0000000064202000 	C:\Program Files\Java\jdk1.8.0_241\jre\bin\msvcr100.dll
0x00000000630f0000 - 0x000000006399c000 	C:\Program Files\Java\jdk1.8.0_241\jre\bin\server\jvm.dll
0x00007ffcf8710000 - 0x00007ffcf8718000 	C:\WINDOWS\System32\PSAPI.DLL
0x00007ffce88c0000 - 0x00007ffce88c9000 	C:\WINDOWS\SYSTEM32\WSOCK32.dll
0x00007ffcf6b50000 - 0x00007ffcf6bbf000 	C:\WINDOWS\System32\WS2_32.dll
0x00007ffcf17d0000 - 0x00007ffcf17f4000 	C:\WINDOWS\SYSTEM32\WINMM.dll
0x00007ffcf17a0000 - 0x00007ffcf17cd000 	C:\WINDOWS\SYSTEM32\WINMMBASE.dll
0x00007ffcf1a00000 - 0x00007ffcf1a0f000 	C:\Program Files\Java\jdk1.8.0_241\jre\bin\verify.dll
0x00007ffcf06f0000 - 0x00007ffcf0719000 	C:\Program Files\Java\jdk1.8.0_241\jre\bin\java.dll
0x00007ffce34a0000 - 0x00007ffce34c3000 	C:\Program Files\Java\jdk1.8.0_241\jre\bin\instrument.dll
0x00007ffcee050000 - 0x00007ffcee066000 	C:\Program Files\Java\jdk1.8.0_241\jre\bin\zip.dll

VM Arguments:
jvm_args: -javaagent:C:\Program Files\JetBrains\IntelliJ IDEA 2019.2.4\lib\idea_rt.jar=51846:C:\Program Files\JetBrains\IntelliJ IDEA 2019.2.4\bin -Dfile.encoding=UTF-8 
java_command: Main
java_class_path (initial): C:\Program Files\Java\jdk1.8.0_241\jre\lib\charsets.jar;C:\Program Files\Java\jdk1.8.0_241\jre\lib\deploy.jar;C:\Program Files\Java\jdk1.8.0_241\jre\lib\ext\access-bridge-64.jar;C:\Program Files\Java\jdk1.8.0_241\jre\lib\ext\cldrdata.jar;C:\Program Files\Java\jdk1.8.0_241\jre\lib\ext\dnsns.jar;C:\Program Files\Java\jdk1.8.0_241\jre\lib\ext\jaccess.jar;C:\Program Files\Java\jdk1.8.0_241\jre\lib\ext\jfxrt.jar;C:\Program Files\Java\jdk1.8.0_241\jre\lib\ext\localedata.jar;C:\Program Files\Java\jdk1.8.0_241\jre\lib\ext\nashorn.jar;C:\Program Files\Java\jdk1.8.0_241\jre\lib\ext\sunec.jar;C:\Program Files\Java\jdk1.8.0_241\jre\lib\ext\sunjce_provider.jar;C:\Program Files\Java\jdk1.8.0_241\jre\lib\ext\sunmscapi.jar;C:\Program Files\Java\jdk1.8.0_241\jre\lib\ext\sunpkcs11.jar;C:\Program Files\Java\jdk1.8.0_241\jre\lib\ext\zipfs.jar;C:\Program Files\Java\jdk1.8.0_241\jre\lib\javaws.jar;C:\Program Files\Java\jdk1.8.0_241\jre\lib\jce.jar;C:\Program Files\Java\jdk1.8.0_241\jre\lib\jfr.jar;C:\Program Files\Java\jdk1.8.0_241\jre\lib\jfxswt.jar;C:\Program Files\Java\jdk1.8.0_241\jre\lib\jsse.jar;C:\Program Files\Java\jdk1.8.0_241\jre\lib\management-agent.jar;C:\Program Files\Java\jdk1.8.0_241\jre\lib\plugin.jar;C:\Program Files\Java\jdk1.8.0_241\jre\lib\resources.jar;C:\Program Files\Java\jdk1.8.0_241\jre\lib\rt.jar;C:\Users\sara\Desktop\Studia\Systemy Rozproszone\Projekt 1 Chat\Client2\out\production\Client2;C:\Program Files\JetBrains\IntelliJ IDEA 2019.2.4\lib\idea_rt.jar
Launcher Type: SUN_STANDARD

Environment Variables:
PATH=C:\Program Files (x86)\Common Files\Oracle\Java\javapath;C:\Program Files (x86)\IntelSWTools\compilers_and_libraries_2019.3.203\windows\mpi\intel64\bin;C:\Program Files (x86)\Common Files\Intel\Shared Libraries\redist\intel64_win\mpirt;C:\Program Files (x86)\Common Files\Intel\Shared Libraries\redist\intel64_win\compiler;C:\Program Files (x86)\Common Files\Intel\Shared Libraries\redist\ia32_win\mpirt;C:\Program Files (x86)\Common Files\Intel\Shared Libraries\redist\ia32_win\compiler;C:\WINDOWS\system32;C:\WINDOWS;C:\WINDOWS\System32\Wbem;C:\WINDOWS\System32\WindowsPowerShell\v1.0\;C:\WINDOWS\System32\OpenSSH\;C:\Program Files (x86)\Bitvise SSH Client;C:\Program Files\nodejs\;C:\Program Files\Microsoft SQL Server\130\Tools\Binn\;C:\Program Files (x86)\Yarn\bin\;C:\sqlite3;C:\Program Files\PuTTY\;C:\Program Files\erl10.3\bin;C:\Program Files (x86)\Elixir\bin;C:\WINDOWS\system32\config\systemprofile\.mix\escripts;C:\Program Files (x86)\Brackets\command;C:\Program Files\Git\cmd;C:\Users\sara\AppData\Local\Programs\Python\Python38\Scripts\;C:\Users\sara\AppData\Local\Programs\Python\Python38\;C:\Users\sara\AppData\Local\Microsoft\WindowsApps;C:\Users\sara\AppData\Local\Programs\Microsoft VS Code\bin;C:\Users\sara\AppData\Roaming\npm;C:\Users\sara\AppData\Local\GitHubDesktop\bin;C:\Users\sara\AppData\Local\Yarn\bin;C:\Users\sara\AppData\Local\Programs\MiKTeX 2.9\miktex\bin\x64\;%USERPROFILE%\AppData\Local\Microsoft\WindowsApps;
USERNAME=sara
OS=Windows_NT
PROCESSOR_IDENTIFIER=Intel64 Family 6 Model 61 Stepping 4, GenuineIntel



---------------  S Y S T E M  ---------------

OS: Windows 10.0 , 64 bit Build 18362 (10.0.18362.329)

CPU:total 4 (initial active 4) (2 cores per cpu, 2 threads per core) family 6 model 61 stepping 4, cmov, cx8, fxsr, mmx, sse, sse2, sse3, ssse3, sse4.1, sse4.2, popcnt, avx, avx2, aes, clmul, erms, rtm, 3dnowpref, lzcnt, ht, tsc, tscinvbit, bmi1, bmi2, adx

Memory: 4k page, physical 8259968k(2230408k free), swap 8669568k(5888k free)

vm_info: Java HotSpot(TM) 64-Bit Server VM (25.241-b07) for windows-amd64 JRE (1.8.0_241-b07), built on Dec 11 2019 10:21:40 by "rejava" with MS VC++ 10.0 (VS2010)

time: Thu Mar 05 20:48:24 2020
timezone: Œrodkowoeuropejski czas stand.
elapsed time: 0 seconds (0d 0h 0m 0s)

