#
# There is insufficient memory for the Java Runtime Environment to continue.
# Native memory allocation (malloc) failed to allocate 1048576 bytes for AllocateHeap
# Possible reasons:
#   The system is out of physical RAM or swap space
#   The process is running with CompressedOops enabled, and the Java Heap may be blocking the growth of the native heap
# Possible solutions:
#   Reduce memory load on the system
#   Increase physical memory or swap space
#   Check if swap backing store is full
#   Decrease Java heap size (-Xmx/-Xms)
#   Decrease number of Java threads
#   Decrease Java thread stack sizes (-Xss)
#   Set larger code cache with -XX:ReservedCodeCacheSize=
#   JVM is running with Unscaled Compressed Oops mode in which the Java heap is
#     placed in the first 4GB address space. The Java Heap base address is the
#     maximum limit for the native heap growth. Please use -XX:HeapBaseMinAddress
#     to set the Java Heap base and to place the Java Heap above 4GB virtual address.
# This output file may be truncated or incomplete.
#
#  Out of Memory Error (memory/allocation.inline.hpp:61), pid=6812, tid=0x000000000000399c
#
# JRE version:  (8.0_241-b07) (build )
# Java VM: Java HotSpot(TM) 64-Bit Server VM (25.241-b07 mixed mode windows-amd64 compressed oops)
# Failed to write core dump. Minidumps are not enabled by default on client versions of Windows
#

---------------  T H R E A D  ---------------

Current thread (0x0000000002e73800):  JavaThread "Unknown thread" [_thread_in_vm, id=14748, stack(0x0000000002bf0000,0x0000000002cf0000)]

Stack: [0x0000000002bf0000,0x0000000002cf0000]
[error occurred during error reporting (printing stack bounds), id 0xc0000005]

Native frames: (J=compiled Java code, j=interpreted, Vv=VM code, C=native code)


---------------  P R O C E S S  ---------------

Java Threads: ( => current thread )

Other Threads:

=>0x0000000002e73800 (exited) JavaThread "Unknown thread" [_thread_in_vm, id=14748, stack(0x0000000002bf0000,0x0000000002cf0000)]

VM state:not at safepoint (normal execution)

VM Mutex/Monitor currently owned by a thread: None

heap address: 0x0000000081e00000, size: 2018 MB, Compressed Oops mode: 32-bit
Narrow klass base: 0x0000000000000000, Narrow klass shift: 3
Compressed class space size: 1073741824 Address: 0x0000000100000000

Heap:
 PSYoungGen      total 38400K, used 665K [0x00000000d5f80000, 0x00000000d8a00000, 0x0000000100000000)
  eden space 33280K, 2% used [0x00000000d5f80000,0x00000000d6026670,0x00000000d8000000)
  from space 5120K, 0% used [0x00000000d8500000,0x00000000d8500000,0x00000000d8a00000)
  to   space 5120K, 0% used [0x00000000d8000000,0x00000000d8000000,0x00000000d8500000)
 ParOldGen       total 87552K, used 0K [0x0000000081e00000, 0x0000000087380000, 0x00000000d5f80000)
  object space 87552K, 0% used [0x0000000081e00000,0x0000000081e00000,0x0000000087380000)
 Metaspace       used 776K, capacity 4480K, committed 4480K, reserved 1056768K
  class space    used 76K, capacity 384K, committed 384K, reserved 1048576K

Card table byte_map: [0x00000000123c0000,0x00000000127c0000] byte_map_base: 0x0000000011fb1000

Marking Bits: (ParMarkBitMap*) 0x000000005be7be30
 Begin Bits: [0x0000000012e70000, 0x0000000014df8000)
 End Bits:   [0x0000000014df8000, 0x0000000016d80000)

Polling page: 0x0000000001250000

CodeCache: size=245760Kb used=328Kb max_used=328Kb free=245431Kb
 bounds [0x0000000003000000, 0x0000000003270000, 0x0000000012000000]
 total_blobs=58 nmethods=0 adapters=38
 compilation: enabled

Compilation events (0 events):
No events

GC Heap History (0 events):
No events

Deoptimization events (0 events):
No events

Classes redefined (0 events):
No events

Internal exceptions (0 events):
No events

Events (10 events):
Event: 0.055 loading class java/lang/Short
Event: 0.055 loading class java/lang/Short done
Event: 0.055 loading class java/lang/Integer
Event: 0.055 loading class java/lang/Integer done
Event: 0.055 loading class java/lang/Long
Event: 0.055 loading class java/lang/Long done
Event: 0.059 loading class java/lang/NullPointerException
Event: 0.059 loading class java/lang/NullPointerException done
Event: 0.059 loading class java/lang/ArithmeticException
Event: 0.059 loading class java/lang/ArithmeticException done


Dynamic libraries:
0x00007ff726620000 - 0x00007ff726657000 	C:\Program Files\Java\jdk1.8.0_241\bin\java.exe
0x00007ffac6c20000 - 0x00007ffac6e10000 	C:\WINDOWS\SYSTEM32\ntdll.dll
0x00007ffa9a5b0000 - 0x00007ffa9a5c5000 	C:\Program Files\AVAST Software\Avast\aswhook.dll
0x00007ffac60b0000 - 0x00007ffac6162000 	C:\WINDOWS\System32\KERNEL32.DLL
0x00007ffac48a0000 - 0x00007ffac4b43000 	C:\WINDOWS\System32\KERNELBASE.dll
0x00007ffac5d00000 - 0x00007ffac5da3000 	C:\WINDOWS\System32\ADVAPI32.dll
0x00007ffac5c50000 - 0x00007ffac5cee000 	C:\WINDOWS\System32\msvcrt.dll
0x00007ffac6b40000 - 0x00007ffac6bd7000 	C:\WINDOWS\System32\sechost.dll
0x00007ffac5f90000 - 0x00007ffac60b0000 	C:\WINDOWS\System32\RPCRT4.dll
0x00007ffac4e30000 - 0x00007ffac4fc4000 	C:\WINDOWS\System32\USER32.dll
0x00007ffac4c50000 - 0x00007ffac4c71000 	C:\WINDOWS\System32\win32u.dll
0x00007ffac56c0000 - 0x00007ffac56e6000 	C:\WINDOWS\System32\GDI32.dll
0x00007ffac4700000 - 0x00007ffac4894000 	C:\WINDOWS\System32\gdi32full.dll
0x00007ffac3d90000 - 0x00007ffac3e2e000 	C:\WINDOWS\System32\msvcp_win.dll
0x00007ffac3c90000 - 0x00007ffac3d8a000 	C:\WINDOWS\System32\ucrtbase.dll
0x00007ffab3bc0000 - 0x00007ffab3e45000 	C:\WINDOWS\WinSxS\amd64_microsoft.windows.common-controls_6595b64144ccf1df_6.0.18362.657_none_e6c5b579130e3898\COMCTL32.dll
0x00007ffac6800000 - 0x00007ffac6b36000 	C:\WINDOWS\System32\combase.dll
0x00007ffac4b50000 - 0x00007ffac4bd0000 	C:\WINDOWS\System32\bcryptPrimitives.dll
0x00007ffac4d30000 - 0x00007ffac4d5e000 	C:\WINDOWS\System32\IMM32.DLL
0x00007ffac37f0000 - 0x00007ffac38e7000 	C:\Windows\system32\guard64.dll
0x00007ffac3640000 - 0x00007ffac364a000 	C:\WINDOWS\system32\version.dll
0x00007ffac5e30000 - 0x00007ffac5f86000 	C:\WINDOWS\System32\ole32.dll
0x00007ffac3540000 - 0x00007ffac354a000 	C:\WINDOWS\system32\fltlib.dll
0x00007ffac4fd0000 - 0x00007ffac56b5000 	C:\WINDOWS\System32\shell32.dll
0x00007ffac4c80000 - 0x00007ffac4cca000 	C:\WINDOWS\System32\cfgmgr32.dll
0x00007ffac6170000 - 0x00007ffac6219000 	C:\WINDOWS\System32\shcore.dll
0x00007ffac3e30000 - 0x00007ffac45af000 	C:\WINDOWS\System32\windows.storage.dll
0x00007ffac3b70000 - 0x00007ffac3b8f000 	C:\WINDOWS\System32\profapi.dll
0x00007ffac3b00000 - 0x00007ffac3b4a000 	C:\WINDOWS\System32\powrprof.dll
0x00007ffac3af0000 - 0x00007ffac3b00000 	C:\WINDOWS\System32\UMPDC.dll
0x00007ffac4cd0000 - 0x00007ffac4d22000 	C:\WINDOWS\System32\shlwapi.dll
0x00007ffac3b90000 - 0x00007ffac3ba1000 	C:\WINDOWS\System32\kernel.appcore.dll
0x00007ffac4bd0000 - 0x00007ffac4be7000 	C:\WINDOWS\System32\cryptsp.dll
0x000000005bf00000 - 0x000000005bfd2000 	C:\Program Files\Java\jdk1.8.0_241\jre\bin\msvcr100.dll
0x000000005b650000 - 0x000000005befc000 	C:\Program Files\Java\jdk1.8.0_241\jre\bin\server\jvm.dll
0x00007ffac5cf0000 - 0x00007ffac5cf8000 	C:\WINDOWS\System32\PSAPI.DLL
0x00007ffaabff0000 - 0x00007ffaabff9000 	C:\WINDOWS\SYSTEM32\WSOCK32.dll
0x00007ffac5770000 - 0x00007ffac57df000 	C:\WINDOWS\System32\WS2_32.dll
0x00007ffabfbd0000 - 0x00007ffabfbf4000 	C:\WINDOWS\SYSTEM32\WINMM.dll
0x00007ffabfba0000 - 0x00007ffabfbcd000 	C:\WINDOWS\SYSTEM32\WINMMBASE.dll
0x00007ffabfc20000 - 0x00007ffabfc2f000 	C:\Program Files\Java\jdk1.8.0_241\jre\bin\verify.dll
0x00007ffabb8b0000 - 0x00007ffabb8d9000 	C:\Program Files\Java\jdk1.8.0_241\jre\bin\java.dll
0x00007ffabb860000 - 0x00007ffabb883000 	C:\Program Files\Java\jdk1.8.0_241\jre\bin\instrument.dll
0x00007ffabb890000 - 0x00007ffabb8a6000 	C:\Program Files\Java\jdk1.8.0_241\jre\bin\zip.dll

VM Arguments:
jvm_args: -javaagent:C:\Program Files\JetBrains\IntelliJ IDEA 2019.2.4\lib\idea_rt.jar=62730:C:\Program Files\JetBrains\IntelliJ IDEA 2019.2.4\bin -Dfile.encoding=UTF-8 
java_command: com.company.Agency
java_class_path (initial): C:\Program Files\Java\jdk1.8.0_241\jre\lib\charsets.jar;C:\Program Files\Java\jdk1.8.0_241\jre\lib\deploy.jar;C:\Program Files\Java\jdk1.8.0_241\jre\lib\ext\access-bridge-64.jar;C:\Program Files\Java\jdk1.8.0_241\jre\lib\ext\cldrdata.jar;C:\Program Files\Java\jdk1.8.0_241\jre\lib\ext\dnsns.jar;C:\Program Files\Java\jdk1.8.0_241\jre\lib\ext\jaccess.jar;C:\Program Files\Java\jdk1.8.0_241\jre\lib\ext\jfxrt.jar;C:\Program Files\Java\jdk1.8.0_241\jre\lib\ext\localedata.jar;C:\Program Files\Java\jdk1.8.0_241\jre\lib\ext\nashorn.jar;C:\Program Files\Java\jdk1.8.0_241\jre\lib\ext\sunec.jar;C:\Program Files\Java\jdk1.8.0_241\jre\lib\ext\sunjce_provider.jar;C:\Program Files\Java\jdk1.8.0_241\jre\lib\ext\sunmscapi.jar;C:\Program Files\Java\jdk1.8.0_241\jre\lib\ext\sunpkcs11.jar;C:\Program Files\Java\jdk1.8.0_241\jre\lib\ext\zipfs.jar;C:\Program Files\Java\jdk1.8.0_241\jre\lib\javaws.jar;C:\Program Files\Java\jdk1.8.0_241\jre\lib\jce.jar;C:\Program Files\Java\jdk1.8.0_241\jre\lib\jfr.jar;C:\Program Files\Java\jdk1.8.0_241\jre\lib\jfxswt.jar;C:\Program Files\Java\jdk1.8.0_241\jre\lib\jsse.jar;C:\Program Files\Java\jdk1.8.0_241\jre\lib\management-agent.jar;C:\Program Files\Java\jdk1.8.0_241\jre\lib\plugin.jar;C:\Program Files\Java\jdk1.8.0_241\jre\lib\resources.jar;C:\Program Files\Java\jdk1.8.0_241\jre\lib\rt.jar;C:\Users\sara\Desktop\Studia\Systemy Rozproszone\Projekt3 rabbitMQ\out\production\Projekt3 rabbitMQ;C:\Users\sara\Desktop\Studia\Systemy Rozproszone\Labolatorium 3\Example\amqp-client-5.8.0.jar;C:\Users\sara\Desktop\Studia\Systemy Rozproszone\Labolatorium 3\Example\slf4j-api-1.6.2.jar;C:\Users\sara\Desktop\Studia\Systemy Rozproszone\Labolatorium 3\Example\slf4j-api-1.7.29.jar;C:\Users\sara\Desktop\Studia\Systemy Rozproszone\Labolatorium 3\Example\slf4j-simple-1.6.2.jar;C:\Program Files\JetBrains\IntelliJ IDEA 2019.2.4\lib\idea_rt.jar
Launcher Type: SUN_STANDARD

Environment Variables:
PATH=C:\Program Files (x86)\Common Files\Oracle\Java\javapath;C:\Program Files (x86)\IntelSWTools\compilers_and_libraries_2019.3.203\windows\mpi\intel64\bin;C:\Program Files (x86)\Common Files\Intel\Shared Libraries\redist\intel64_win\mpirt;C:\Program Files (x86)\Common Files\Intel\Shared Libraries\redist\intel64_win\compiler;C:\Program Files (x86)\Common Files\Intel\Shared Libraries\redist\ia32_win\mpirt;C:\Program Files (x86)\Common Files\Intel\Shared Libraries\redist\ia32_win\compiler;C:\WINDOWS\system32;C:\WINDOWS;C:\WINDOWS\System32\Wbem;C:\WINDOWS\System32\WindowsPowerShell\v1.0\;C:\WINDOWS\System32\OpenSSH\;C:\Program Files (x86)\Bitvise SSH Client;C:\Program Files\nodejs\;C:\Program Files\Microsoft SQL Server\130\Tools\Binn\;C:\Program Files (x86)\Yarn\bin\;C:\sqlite3;C:\Program Files\PuTTY\;C:\Program Files\erl10.3\bin;C:\Program Files (x86)\Elixir\bin;C:\WINDOWS\system32\config\systemprofile\.mix\escripts;C:\Program Files (x86)\Brackets\command;C:\Program Files\Git\cmd;C:\Users\sara\AppData\Local\Programs\Python\Python38\Scripts\;C:\Users\sara\AppData\Local\Programs\Python\Python38\;C:\Users\sara\AppData\Local\Microsoft\WindowsApps;C:\Users\sara\AppData\Local\Programs\Microsoft VS Code\bin;C:\Users\sara\AppData\Roaming\npm;C:\Users\sara\AppData\Local\GitHubDesktop\bin;C:\Users\sara\AppData\Local\Yarn\bin;C:\Users\sara\AppData\Local\Programs\MiKTeX 2.9\miktex\bin\x64\;%USERPROFILE%\AppData\Local\Microsoft\WindowsApps;
USERNAME=sara
OS=Windows_NT
PROCESSOR_IDENTIFIER=Intel64 Family 6 Model 61 Stepping 4, GenuineIntel



---------------  S Y S T E M  ---------------

OS: Windows 10.0 , 64 bit Build 18362 (10.0.18362.329)

CPU:total 4 (initial active 4) (2 cores per cpu, 2 threads per core) family 6 model 61 stepping 4, cmov, cx8, fxsr, mmx, sse, sse2, sse3, ssse3, sse4.1, sse4.2, popcnt, avx, avx2, aes, clmul, erms, rtm, 3dnowpref, lzcnt, ht, tsc, tscinvbit, bmi1, bmi2, adx

Memory: 4k page, physical 8259968k(2412288k free), swap 8669568k(6148k free)

vm_info: Java HotSpot(TM) 64-Bit Server VM (25.241-b07) for windows-amd64 JRE (1.8.0_241-b07), built on Dec 11 2019 10:21:40 by "rejava" with MS VC++ 10.0 (VS2010)

time: Thu Mar 26 16:48:01 2020
timezone: Œrodkowoeuropejski czas stand.
elapsed time: 0 seconds (0d 0h 0m 0s)

