#
# There is insufficient memory for the Java Runtime Environment to continue.
# Native memory allocation (malloc) failed to allocate 1386336 bytes for Chunk::new
# Possible reasons:
#   The system is out of physical RAM or swap space
#   The process is running with CompressedOops enabled, and the Java Heap may be blocking the growth of the native heap
# Possible solutions:
#   Reduce memory load on the system
#   Increase physical memory or swap space
#   Check if swap backing store is full
#   Decrease Java heap size (-Xmx/-Xms)
#   Decrease number of Java threads
#   Decrease Java thread stack sizes (-Xss)
#   Set larger code cache with -XX:ReservedCodeCacheSize=
#   JVM is running with Unscaled Compressed Oops mode in which the Java heap is
#     placed in the first 4GB address space. The Java Heap base address is the
#     maximum limit for the native heap growth. Please use -XX:HeapBaseMinAddress
#     to set the Java Heap base and to place the Java Heap above 4GB virtual address.
# This output file may be truncated or incomplete.
#
#  Out of Memory Error (allocation.cpp:389), pid=7860, tid=0x0000000000001b80
#
# JRE version: Java(TM) SE Runtime Environment (8.0_241-b07) (build 1.8.0_241-b07)
# Java VM: Java HotSpot(TM) 64-Bit Server VM (25.241-b07 mixed mode windows-amd64 compressed oops)
# Failed to write core dump. Minidumps are not enabled by default on client versions of Windows
#

---------------  T H R E A D  ---------------

Current thread (0x0000000017b7f000):  JavaThread "C2 CompilerThread1" daemon [_thread_in_native, id=7040, stack(0x00000000192d0000,0x00000000193d0000)]

Stack: [0x00000000192d0000,0x00000000193d0000]
[error occurred during error reporting (printing stack bounds), id 0xc0000005]

Native frames: (J=compiled Java code, j=interpreted, Vv=VM code, C=native code)


Current CompileTask:
C2:   4554 1743   !   4       java.net.URLClassLoader$1::run (63 bytes)


---------------  P R O C E S S  ---------------

Java Threads: ( => current thread )
  0x000000001a87a800 JavaThread "background-preinit" [_thread_in_native, id=7724, stack(0x000000001bf40000,0x000000001c040000)]
  0x0000000019672000 JavaThread "surefire-forkedjvm-ping-30s" daemon [_thread_blocked, id=3920, stack(0x0000000019bd0000,0x0000000019cd0000)]
  0x00000000195d7800 JavaThread "surefire-forkedjvm-command-thread" daemon [_thread_in_native, id=2324, stack(0x0000000019ad0000,0x0000000019bd0000)]
  0x000000001950c800 JavaThread "Service Thread" daemon [_thread_blocked, id=7292, stack(0x00000000198d0000,0x00000000199d0000)]
  0x0000000017bb0000 JavaThread "C1 CompilerThread2" daemon [_thread_blocked, id=12000, stack(0x00000000193d0000,0x00000000194d0000)]
=>0x0000000017b7f000 JavaThread "C2 CompilerThread1" daemon [_thread_in_native, id=7040, stack(0x00000000192d0000,0x00000000193d0000)]
  0x0000000017b79800 JavaThread "C2 CompilerThread0" daemon [_thread_in_native, id=9036, stack(0x00000000191d0000,0x00000000192d0000)]
  0x0000000017b78000 JavaThread "Attach Listener" daemon [_thread_blocked, id=12428, stack(0x00000000190d0000,0x00000000191d0000)]
  0x0000000017b76800 JavaThread "Signal Dispatcher" daemon [_thread_blocked, id=13248, stack(0x0000000018fd0000,0x00000000190d0000)]
  0x000000000304b000 JavaThread "Finalizer" daemon [_thread_blocked, id=6864, stack(0x0000000018dc0000,0x0000000018ec0000)]
  0x0000000003042000 JavaThread "Reference Handler" daemon [_thread_blocked, id=8004, stack(0x0000000018cc0000,0x0000000018dc0000)]
  0x0000000002f4e800 JavaThread "main" [_thread_in_vm, id=9352, stack(0x0000000002d70000,0x0000000002e70000)]

Other Threads:
  0x0000000017b37000 VMThread [stack: 0x0000000018bc0000,0x0000000018cc0000] [id=9596]
  0x0000000019525800 WatcherThread [stack: 0x00000000199d0000,0x0000000019ad0000] [id=11372]

VM state:not at safepoint (normal execution)

VM Mutex/Monitor currently owned by a thread: None

heap address: 0x0000000081e00000, size: 2018 MB, Compressed Oops mode: 32-bit
Narrow klass base: 0x0000000000000000, Narrow klass shift: 3
Compressed class space size: 1073741824 Address: 0x0000000100000000

Heap:
 PSYoungGen      total 38400K, used 12208K [0x00000000d5f80000, 0x00000000d9f80000, 0x0000000100000000)
  eden space 33280K, 22% used [0x00000000d5f80000,0x00000000d66b3010,0x00000000d8000000)
  from space 5120K, 94% used [0x00000000d8000000,0x00000000d84b92c0,0x00000000d8500000)
  to   space 8192K, 0% used [0x00000000d9780000,0x00000000d9780000,0x00000000d9f80000)
 ParOldGen       total 59904K, used 6687K [0x0000000081e00000, 0x0000000085880000, 0x00000000d5f80000)
  object space 59904K, 11% used [0x0000000081e00000,0x0000000082487df0,0x0000000085880000)
 Metaspace       used 24349K, capacity 25706K, committed 25856K, reserved 1071104K
  class space    used 3244K, capacity 3541K, committed 3584K, reserved 1048576K

Card table byte_map: [0x0000000012410000,0x0000000012810000] byte_map_base: 0x0000000012001000

Marking Bits: (ParMarkBitMap*) 0x000000005784be30
 Begin Bits: [0x0000000012ec0000, 0x0000000014e48000)
 End Bits:   [0x0000000014e48000, 0x0000000016dd0000)

Polling page: 0x0000000001170000

CodeCache: size=245760Kb used=6329Kb max_used=6329Kb free=239430Kb
 bounds [0x0000000003050000, 0x0000000003690000, 0x0000000012050000]
 total_blobs=2291 nmethods=1908 adapters=295
 compilation: enabled

Compilation events (10 events):
Event: 4.533 Thread 0x0000000017bb0000 1915       3       java.util.Collections::singletonIterator (9 bytes)
Event: 4.534 Thread 0x0000000017bb0000 nmethod 1915 0x000000000367a350 code [0x000000000367a4c0, 0x000000000367a710]
Event: 4.534 Thread 0x0000000017bb0000 1916       3       java.util.Collections$1::<init> (15 bytes)
Event: 4.534 Thread 0x0000000017bb0000 nmethod 1916 0x000000000367a810 code [0x000000000367a960, 0x000000000367ab30]
Event: 4.534 Thread 0x0000000017bb0000 1917       3       java.util.Collections$1::next (25 bytes)
Event: 4.534 Thread 0x0000000017bb0000 nmethod 1917 0x000000000367abd0 code [0x000000000367ad40, 0x000000000367afa8]
Event: 4.534 Thread 0x0000000017bb0000 1913  s    3       sun.net.www.protocol.file.Handler::openConnection (7 bytes)
Event: 4.535 Thread 0x0000000017bb0000 nmethod 1913 0x000000000367b090 code [0x000000000367b200, 0x000000000367b508]
Event: 4.535 Thread 0x0000000017bb0000 1914  s!   3       sun.net.www.protocol.file.Handler::openConnection (273 bytes)
Event: 4.538 Thread 0x0000000017bb0000 nmethod 1914 0x000000000367b5d0 code [0x000000000367ba60, 0x000000000367e908]

GC Heap History (10 events):
Event: 2.569 GC heap before
{Heap before GC invocations=2 (full 0):
 PSYoungGen      total 38400K, used 38266K [0x00000000d5f80000, 0x00000000d8a00000, 0x0000000100000000)
  eden space 33280K, 100% used [0x00000000d5f80000,0x00000000d8000000,0x00000000d8000000)
  from space 5120K, 97% used [0x00000000d8000000,0x00000000d84debc8,0x00000000d8500000)
  to   space 5120K, 0% used [0x00000000d8500000,0x00000000d8500000,0x00000000d8a00000)
 ParOldGen       total 87552K, used 16K [0x0000000081e00000, 0x0000000087380000, 0x00000000d5f80000)
  object space 87552K, 0% used [0x0000000081e00000,0x0000000081e04000,0x0000000087380000)
 Metaspace       used 14193K, capacity 15232K, committed 15360K, reserved 1062912K
  class space    used 1800K, capacity 2006K, committed 2048K, reserved 1048576K
Event: 2.578 GC heap after
Heap after GC invocations=2 (full 0):
 PSYoungGen      total 38400K, used 5090K [0x00000000d5f80000, 0x00000000d8a00000, 0x0000000100000000)
  eden space 33280K, 0% used [0x00000000d5f80000,0x00000000d5f80000,0x00000000d8000000)
  from space 5120K, 99% used [0x00000000d8500000,0x00000000d89f8a78,0x00000000d8a00000)
  to   space 5120K, 0% used [0x00000000d8000000,0x00000000d8000000,0x00000000d8500000)
 ParOldGen       total 87552K, used 772K [0x0000000081e00000, 0x0000000087380000, 0x00000000d5f80000)
  object space 87552K, 0% used [0x0000000081e00000,0x0000000081ec1058,0x0000000087380000)
 Metaspace       used 14193K, capacity 15232K, committed 15360K, reserved 1062912K
  class space    used 1800K, capacity 2006K, committed 2048K, reserved 1048576K
}
Event: 3.272 GC heap before
{Heap before GC invocations=3 (full 0):
 PSYoungGen      total 38400K, used 38370K [0x00000000d5f80000, 0x00000000d8a00000, 0x0000000100000000)
  eden space 33280K, 100% used [0x00000000d5f80000,0x00000000d8000000,0x00000000d8000000)
  from space 5120K, 99% used [0x00000000d8500000,0x00000000d89f8a78,0x00000000d8a00000)
  to   space 5120K, 0% used [0x00000000d8000000,0x00000000d8000000,0x00000000d8500000)
 ParOldGen       total 87552K, used 772K [0x0000000081e00000, 0x0000000087380000, 0x00000000d5f80000)
  object space 87552K, 0% used [0x0000000081e00000,0x0000000081ec1058,0x0000000087380000)
 Metaspace       used 17840K, capacity 18956K, committed 19072K, reserved 1064960K
  class space    used 2387K, capacity 2644K, committed 2688K, reserved 1048576K
Event: 3.283 GC heap after
Heap after GC invocations=3 (full 0):
 PSYoungGen      total 38400K, used 5106K [0x00000000d5f80000, 0x00000000d8a00000, 0x0000000100000000)
  eden space 33280K, 0% used [0x00000000d5f80000,0x00000000d5f80000,0x00000000d8000000)
  from space 5120K, 99% used [0x00000000d8000000,0x00000000d84fc8f0,0x00000000d8500000)
  to   space 5120K, 0% used [0x00000000d8500000,0x00000000d8500000,0x00000000d8a00000)
 ParOldGen       total 87552K, used 2606K [0x0000000081e00000, 0x0000000087380000, 0x00000000d5f80000)
  object space 87552K, 2% used [0x0000000081e00000,0x000000008208bb08,0x0000000087380000)
 Metaspace       used 17840K, capacity 18956K, committed 19072K, reserved 1064960K
  class space    used 2387K, capacity 2644K, committed 2688K, reserved 1048576K
}
Event: 3.730 GC heap before
{Heap before GC invocations=4 (full 0):
 PSYoungGen      total 38400K, used 28049K [0x00000000d5f80000, 0x00000000d8a00000, 0x0000000100000000)
  eden space 33280K, 68% used [0x00000000d5f80000,0x00000000d75e7c08,0x00000000d8000000)
  from space 5120K, 99% used [0x00000000d8000000,0x00000000d84fc8f0,0x00000000d8500000)
  to   space 5120K, 0% used [0x00000000d8500000,0x00000000d8500000,0x00000000d8a00000)
 ParOldGen       total 87552K, used 2606K [0x0000000081e00000, 0x0000000087380000, 0x00000000d5f80000)
  object space 87552K, 2% used [0x0000000081e00000,0x000000008208bb08,0x0000000087380000)
 Metaspace       used 19968K, capacity 21138K, committed 21248K, reserved 1067008K
  class space    used 2712K, capacity 2973K, committed 3072K, reserved 1048576K
Event: 3.743 GC heap after
Heap after GC invocations=4 (full 0):
 PSYoungGen      total 38400K, used 5098K [0x00000000d5f80000, 0x00000000d8a00000, 0x0000000100000000)
  eden space 33280K, 0% used [0x00000000d5f80000,0x00000000d5f80000,0x00000000d8000000)
  from space 5120K, 99% used [0x00000000d8500000,0x00000000d89fab40,0x00000000d8a00000)
  to   space 5120K, 0% used [0x00000000d8000000,0x00000000d8000000,0x00000000d8500000)
 ParOldGen       total 87552K, used 4385K [0x0000000081e00000, 0x0000000087380000, 0x00000000d5f80000)
  object space 87552K, 5% used [0x0000000081e00000,0x00000000822486a0,0x0000000087380000)
 Metaspace       used 19968K, capacity 21138K, committed 21248K, reserved 1067008K
  class space    used 2712K, capacity 2973K, committed 3072K, reserved 1048576K
}
Event: 3.743 GC heap before
{Heap before GC invocations=5 (full 1):
 PSYoungGen      total 38400K, used 5098K [0x00000000d5f80000, 0x00000000d8a00000, 0x0000000100000000)
  eden space 33280K, 0% used [0x00000000d5f80000,0x00000000d5f80000,0x00000000d8000000)
  from space 5120K, 99% used [0x00000000d8500000,0x00000000d89fab40,0x00000000d8a00000)
  to   space 5120K, 0% used [0x00000000d8000000,0x00000000d8000000,0x00000000d8500000)
 ParOldGen       total 87552K, used 4385K [0x0000000081e00000, 0x0000000087380000, 0x00000000d5f80000)
  object space 87552K, 5% used [0x0000000081e00000,0x00000000822486a0,0x0000000087380000)
 Metaspace       used 19968K, capacity 21138K, committed 21248K, reserved 1067008K
  class space    used 2712K, capacity 2973K, committed 3072K, reserved 1048576K
Event: 3.796 GC heap after
Heap after GC invocations=5 (full 1):
 PSYoungGen      total 38400K, used 0K [0x00000000d5f80000, 0x00000000d8a00000, 0x0000000100000000)
  eden space 33280K, 0% used [0x00000000d5f80000,0x00000000d5f80000,0x00000000d8000000)
  from space 5120K, 0% used [0x00000000d8500000,0x00000000d8500000,0x00000000d8a00000)
  to   space 5120K, 0% used [0x00000000d8000000,0x00000000d8000000,0x00000000d8500000)
 ParOldGen       total 59904K, used 6679K [0x0000000081e00000, 0x0000000085880000, 0x00000000d5f80000)
  object space 59904K, 11% used [0x0000000081e00000,0x0000000082485df0,0x0000000085880000)
 Metaspace       used 19968K, capacity 21138K, committed 21248K, reserved 1067008K
  class space    used 2712K, capacity 2973K, committed 3072K, reserved 1048576K
}
Event: 4.365 GC heap before
{Heap before GC invocations=6 (full 1):
 PSYoungGen      total 38400K, used 33280K [0x00000000d5f80000, 0x00000000d8a00000, 0x0000000100000000)
  eden space 33280K, 100% used [0x00000000d5f80000,0x00000000d8000000,0x00000000d8000000)
  from space 5120K, 0% used [0x00000000d8500000,0x00000000d8500000,0x00000000d8a00000)
  to   space 5120K, 0% used [0x00000000d8000000,0x00000000d8000000,0x00000000d8500000)
 ParOldGen       total 59904K, used 6679K [0x0000000081e00000, 0x0000000085880000, 0x00000000d5f80000)
  object space 59904K, 11% used [0x0000000081e00000,0x0000000082485df0,0x0000000085880000)
 Metaspace       used 23802K, capacity 25182K, committed 25344K, reserved 1071104K
  class space    used 3162K, capacity 3475K, committed 3584K, reserved 1048576K
Event: 4.371 GC heap after
Heap after GC invocations=6 (full 1):
 PSYoungGen      total 38400K, used 4836K [0x00000000d5f80000, 0x00000000d9f80000, 0x0000000100000000)
  eden space 33280K, 0% used [0x00000000d5f80000,0x00000000d5f80000,0x00000000d8000000)
  from space 5120K, 94% used [0x00000000d8000000,0x00000000d84b92c0,0x00000000d8500000)
  to   space 8192K, 0% used [0x00000000d9780000,0x00000000d9780000,0x00000000d9f80000)
 ParOldGen       total 59904K, used 6687K [0x0000000081e00000, 0x0000000085880000, 0x00000000d5f80000)
  object space 59904K, 11% used [0x0000000081e00000,0x0000000082487df0,0x0000000085880000)
 Metaspace       used 23802K, capacity 25182K, committed 25344K, reserved 1071104K
  class space    used 3162K, capacity 3475K, committed 3584K, reserved 1048576K
}

Deoptimization events (10 events):
Event: 3.386 Thread 0x0000000002f4e800 Uncommon trap: reason=unstable_if action=reinterpret pc=0x00000000032f2c3c method=java.util.HashMap.hash(Ljava/lang/Object;)I @ 1
Event: 3.389 Thread 0x0000000002f4e800 Uncommon trap: reason=class_check action=maybe_recompile pc=0x0000000003535fb4 method=java.util.HashSet.contains(Ljava/lang/Object;)Z @ 5
Event: 3.448 Thread 0x0000000002f4e800 Uncommon trap: reason=class_check action=maybe_recompile pc=0x0000000003535fb4 method=java.util.HashSet.contains(Ljava/lang/Object;)Z @ 5
Event: 3.457 Thread 0x0000000002f4e800 Uncommon trap: reason=unstable_if action=reinterpret pc=0x0000000003520410 method=java.util.concurrent.ConcurrentHashMap.addCount(JI)V @ 34
Event: 3.458 Thread 0x000000001a87a800 Uncommon trap: reason=unstable_if action=reinterpret pc=0x0000000003521608 method=java.util.concurrent.ConcurrentHashMap.addCount(JI)V @ 7
Event: 3.637 Thread 0x000000001a87a800 Uncommon trap: reason=bimorphic action=maybe_recompile pc=0x00000000034a25f4 method=java.util.HashMap.putVal(ILjava/lang/Object;Ljava/lang/Object;ZZ)Ljava/lang/Object; @ 203
Event: 3.642 Thread 0x000000001a87a800 Uncommon trap: reason=bimorphic action=maybe_recompile pc=0x00000000034a25f4 method=java.util.HashMap.putVal(ILjava/lang/Object;Ljava/lang/Object;ZZ)Ljava/lang/Object; @ 203
Event: 3.648 Thread 0x000000001a87a800 Uncommon trap: reason=bimorphic action=maybe_recompile pc=0x00000000034a25f4 method=java.util.HashMap.putVal(ILjava/lang/Object;Ljava/lang/Object;ZZ)Ljava/lang/Object; @ 203
Event: 4.003 Thread 0x0000000002f4e800 Uncommon trap: reason=unstable_if action=reinterpret pc=0x000000000353fb34 method=org.springframework.boot.context.properties.source.ConfigurationPropertyName$ElementsParser.updateType(Lorg/springframework/boot/context/properties/source/ConfigurationPrope
Event: 4.307 Thread 0x0000000002f4e800 Uncommon trap: reason=bimorphic action=maybe_recompile pc=0x00000000034a25f4 method=java.util.HashMap.putVal(ILjava/lang/Object;Ljava/lang/Object;ZZ)Ljava/lang/Object; @ 203

Classes redefined (0 events):
No events

Internal exceptions (10 events):
Event: 3.848 Thread 0x0000000002f4e800 Exception <a 'java/lang/ClassNotFoundException': org/springframework/core/OrderedCustomizer> (0x00000000d6221d38) thrown at [C:\ade\jenkins\workspace\8-2-build-windows-amd64-cygwin\jdk8u241\331\hotspot\src\share\vm\classfile\systemDictionary.cpp, line 210
Event: 3.849 Thread 0x0000000002f4e800 Exception <a 'java/lang/ClassNotFoundException': org/springframework/context/ResourceLoaderAwareCustomizer> (0x00000000d6239330) thrown at [C:\ade\jenkins\workspace\8-2-build-windows-amd64-cygwin\jdk8u241\331\hotspot\src\share\vm\classfile\systemDictionar
Event: 3.850 Thread 0x0000000002f4e800 Exception <a 'java/lang/ClassNotFoundException': org/springframework/beans/factory/AwareCustomizer> (0x00000000d624ee68) thrown at [C:\ade\jenkins\workspace\8-2-build-windows-amd64-cygwin\jdk8u241\331\hotspot\src\share\vm\classfile\systemDictionary.cpp, l
Event: 3.851 Thread 0x0000000002f4e800 Exception <a 'java/lang/ClassNotFoundException': org/springframework/beans/factory/BeanClassLoaderAwareCustomizer> (0x00000000d6267560) thrown at [C:\ade\jenkins\workspace\8-2-build-windows-amd64-cygwin\jdk8u241\331\hotspot\src\share\vm\classfile\systemDi
Event: 3.852 Thread 0x0000000002f4e800 Exception <a 'java/lang/ClassNotFoundException': org/springframework/beans/factory/AwareCustomizer> (0x00000000d627d128) thrown at [C:\ade\jenkins\workspace\8-2-build-windows-amd64-cygwin\jdk8u241\331\hotspot\src\share\vm\classfile\systemDictionary.cpp, l
Event: 3.853 Thread 0x0000000002f4e800 Exception <a 'java/lang/ClassNotFoundException': org/springframework/context/EnvironmentAwareCustomizer> (0x00000000d6292eb0) thrown at [C:\ade\jenkins\workspace\8-2-build-windows-amd64-cygwin\jdk8u241\331\hotspot\src\share\vm\classfile\systemDictionary.c
Event: 3.854 Thread 0x0000000002f4e800 Exception <a 'java/lang/ClassNotFoundException': org/springframework/beans/factory/AwareCustomizer> (0x00000000d62a8958) thrown at [C:\ade\jenkins\workspace\8-2-build-windows-amd64-cygwin\jdk8u241\331\hotspot\src\share\vm\classfile\systemDictionary.cpp, l
Event: 4.164 Thread 0x0000000002f4e800 Exception <a 'java/lang/IncompatibleClassChangeError': Found class java.lang.Object, but interface was expected> (0x00000000d76e8830) thrown at [C:\ade\jenkins\workspace\8-2-build-windows-amd64-cygwin\jdk8u241\331\hotspot\src\share\vm\interpreter\linkReso
Event: 4.223 Thread 0x0000000002f4e800 Exception <a 'java/lang/NoSuchMethodError': java.lang.Object.lambda$getAllAnnotationAttributes$0(Lorg/springframework/util/MultiValueMap;)Lorg/springframework/util/MultiValueMap;> (0x00000000d795df50) thrown at [C:\ade\jenkins\workspace\8-2-build-windows-
Event: 4.223 Thread 0x0000000002f4e800 Exception <a 'java/lang/NoSuchMethodError': java.lang.Object.lambda$identity$2(Ljava/lang/Object;)Ljava/lang/Object;> (0x00000000d79619d0) thrown at [C:\ade\jenkins\workspace\8-2-build-windows-amd64-cygwin\jdk8u241\331\hotspot\src\share\vm\interpreter\lin

Events (10 events):
Event: 4.548 loading class com/fasterxml/jackson/datatype/jsr310/ser/JSR310SerializerBase
Event: 4.548 loading class com/fasterxml/jackson/datatype/jsr310/ser/JSR310SerializerBase done
Event: 4.549 loading class com/fasterxml/jackson/datatype/jsr310/ser/InstantSerializer
Event: 4.549 loading class com/fasterxml/jackson/datatype/jsr310/ser/InstantSerializer done
Event: 4.550 loading class com/fasterxml/jackson/datatype/jsr310/ser/InstantSerializerBase
Event: 4.550 loading class com/fasterxml/jackson/datatype/jsr310/ser/InstantSerializerBase done
Event: 4.550 loading class com/fasterxml/jackson/datatype/jsr310/ser/LocalDateTimeSerializer
Event: 4.550 loading class com/fasterxml/jackson/datatype/jsr310/ser/LocalDateTimeSerializer done
Event: 4.551 loading class com/fasterxml/jackson/datatype/jsr310/ser/LocalDateSerializer
Event: 4.551 loading class com/fasterxml/jackson/datatype/jsr310/ser/LocalDateSerializer done


Dynamic libraries:
0x00007ff750e30000 - 0x00007ff750e67000 	C:\Program Files\Java\jdk1.8.0_241\jre\bin\java.exe
0x00007ffa8aee0000 - 0x00007ffa8b0d0000 	C:\WINDOWS\SYSTEM32\ntdll.dll
0x00007ffa80480000 - 0x00007ffa80495000 	C:\Program Files\AVAST Software\Avast\aswhook.dll
0x00007ffa8a500000 - 0x00007ffa8a5b2000 	C:\WINDOWS\System32\KERNEL32.DLL
0x00007ffa87e70000 - 0x00007ffa88113000 	C:\WINDOWS\System32\KERNELBASE.dll
0x00007ffa8a830000 - 0x00007ffa8a8d3000 	C:\WINDOWS\System32\ADVAPI32.dll
0x00007ffa89020000 - 0x00007ffa890be000 	C:\WINDOWS\System32\msvcrt.dll
0x00007ffa8ac20000 - 0x00007ffa8acb7000 	C:\WINDOWS\System32\sechost.dll
0x00007ffa8aa20000 - 0x00007ffa8ab40000 	C:\WINDOWS\System32\RPCRT4.dll
0x00007ffa8a690000 - 0x00007ffa8a824000 	C:\WINDOWS\System32\USER32.dll
0x00007ffa88f60000 - 0x00007ffa88f81000 	C:\WINDOWS\System32\win32u.dll
0x00007ffa89ce0000 - 0x00007ffa89d06000 	C:\WINDOWS\System32\GDI32.dll
0x00007ffa88470000 - 0x00007ffa88604000 	C:\WINDOWS\System32\gdi32full.dll
0x00007ffa88610000 - 0x00007ffa886ae000 	C:\WINDOWS\System32\msvcp_win.dll
0x00007ffa88120000 - 0x00007ffa8821a000 	C:\WINDOWS\System32\ucrtbase.dll
0x00007ffa77910000 - 0x00007ffa77b95000 	C:\WINDOWS\WinSxS\amd64_microsoft.windows.common-controls_6595b64144ccf1df_6.0.18362.657_none_e6c5b579130e3898\COMCTL32.dll
0x00007ffa89880000 - 0x00007ffa89bb6000 	C:\WINDOWS\System32\combase.dll
0x00007ffa883f0000 - 0x00007ffa88470000 	C:\WINDOWS\System32\bcryptPrimitives.dll
0x00007ffa88f90000 - 0x00007ffa88fbe000 	C:\WINDOWS\System32\IMM32.DLL
0x00007ffa87ab0000 - 0x00007ffa87ba7000 	C:\Windows\system32\guard64.dll
0x00007ffa87900000 - 0x00007ffa8790a000 	C:\WINDOWS\system32\version.dll
0x00007ffa8acc0000 - 0x00007ffa8ae16000 	C:\WINDOWS\System32\ole32.dll
0x00007ffa87800000 - 0x00007ffa8780a000 	C:\WINDOWS\system32\fltlib.dll
0x00007ffa890c0000 - 0x00007ffa897a5000 	C:\WINDOWS\System32\shell32.dll
0x00007ffa88370000 - 0x00007ffa883ba000 	C:\WINDOWS\System32\cfgmgr32.dll
0x00007ffa89f40000 - 0x00007ffa89fe9000 	C:\WINDOWS\System32\shcore.dll
0x00007ffa88760000 - 0x00007ffa88edf000 	C:\WINDOWS\System32\windows.storage.dll
0x00007ffa87e30000 - 0x00007ffa87e4f000 	C:\WINDOWS\System32\profapi.dll
0x00007ffa87de0000 - 0x00007ffa87e2a000 	C:\WINDOWS\System32\powrprof.dll
0x00007ffa87db0000 - 0x00007ffa87dc0000 	C:\WINDOWS\System32\UMPDC.dll
0x00007ffa89d10000 - 0x00007ffa89d62000 	C:\WINDOWS\System32\shlwapi.dll
0x00007ffa87dc0000 - 0x00007ffa87dd1000 	C:\WINDOWS\System32\kernel.appcore.dll
0x00007ffa88f40000 - 0x00007ffa88f57000 	C:\WINDOWS\System32\cryptsp.dll
0x00000000578d0000 - 0x00000000579a2000 	C:\Program Files\Java\jdk1.8.0_241\jre\bin\msvcr100.dll
0x0000000057020000 - 0x00000000578cc000 	C:\Program Files\Java\jdk1.8.0_241\jre\bin\server\jvm.dll
0x00007ffa8ac10000 - 0x00007ffa8ac18000 	C:\WINDOWS\System32\PSAPI.DLL
0x00007ffa6d7d0000 - 0x00007ffa6d7d9000 	C:\WINDOWS\SYSTEM32\WSOCK32.dll
0x00007ffa89bc0000 - 0x00007ffa89c2f000 	C:\WINDOWS\System32\WS2_32.dll
0x00007ffa82ff0000 - 0x00007ffa83014000 	C:\WINDOWS\SYSTEM32\WINMM.dll
0x00007ffa82fc0000 - 0x00007ffa82fed000 	C:\WINDOWS\SYSTEM32\WINMMBASE.dll
0x00007ffa82770000 - 0x00007ffa8277f000 	C:\Program Files\Java\jdk1.8.0_241\jre\bin\verify.dll
0x00007ffa7f640000 - 0x00007ffa7f669000 	C:\Program Files\Java\jdk1.8.0_241\jre\bin\java.dll
0x00007ffa81f10000 - 0x00007ffa81f26000 	C:\Program Files\Java\jdk1.8.0_241\jre\bin\zip.dll
0x00007ffa804c0000 - 0x00007ffa804cd000 	C:\Program Files\Java\jdk1.8.0_241\jre\bin\management.dll
0x00007ffa80050000 - 0x00007ffa8006a000 	C:\Program Files\Java\jdk1.8.0_241\jre\bin\net.dll
0x00007ffa87500000 - 0x00007ffa87567000 	C:\WINDOWS\system32\mswsock.dll
0x00007ffa72c90000 - 0x00007ffa72ca2000 	C:\Program Files\Java\jdk1.8.0_241\jre\bin\nio.dll
0x00007ffa63300000 - 0x00007ffa63316000 	C:\WINDOWS\system32\napinsp.dll
0x00007ffa632e0000 - 0x00007ffa632fa000 	C:\WINDOWS\system32\pnrpnsp.dll
0x00007ffa87250000 - 0x00007ffa8731a000 	C:\WINDOWS\SYSTEM32\DNSAPI.dll
0x00007ffa8a4e0000 - 0x00007ffa8a4e8000 	C:\WINDOWS\System32\NSI.dll
0x00007ffa87210000 - 0x00007ffa8724a000 	C:\WINDOWS\SYSTEM32\IPHLPAPI.DLL
0x00007ffa63250000 - 0x00007ffa6325e000 	C:\WINDOWS\System32\winrnr.dll
0x00007ffa83e30000 - 0x00007ffa83e4c000 	C:\WINDOWS\system32\NLAapi.dll
0x00007ffa82fa0000 - 0x00007ffa82fb5000 	C:\WINDOWS\system32\wshbth.dll
0x00007ffa6f9c0000 - 0x00007ffa6f9ca000 	C:\Windows\System32\rasadhlp.dll
0x00007ffa7bc30000 - 0x00007ffa7bca7000 	C:\WINDOWS\System32\fwpuclnt.dll
0x00007ffa883c0000 - 0x00007ffa883e6000 	C:\WINDOWS\System32\bcrypt.dll

VM Arguments:
java_command: C:\Users\sara\AppData\Local\Temp\surefire8732604227533232120\surefirebooter5055352121546947778.jar C:\Users\sara\AppData\Local\Temp\surefire8732604227533232120 2020-03-15T13-19-33_637-jvmRun1 surefire2732673564251695347tmp surefire_02524487674370096654tmp
java_class_path (initial): C:\Users\sara\AppData\Local\Temp\surefire8732604227533232120\surefirebooter5055352121546947778.jar
Launcher Type: SUN_STANDARD

Environment Variables:
PATH=C:\Program Files (x86)\Common Files\Oracle\Java\javapath;C:\Program Files (x86)\IntelSWTools\compilers_and_libraries_2019.3.203\windows\mpi\intel64\bin;C:\Program Files (x86)\Common Files\Intel\Shared Libraries\redist\intel64_win\mpirt;C:\Program Files (x86)\Common Files\Intel\Shared Libraries\redist\intel64_win\compiler;C:\Program Files (x86)\Common Files\Intel\Shared Libraries\redist\ia32_win\mpirt;C:\Program Files (x86)\Common Files\Intel\Shared Libraries\redist\ia32_win\compiler;C:\WINDOWS\system32;C:\WINDOWS;C:\WINDOWS\System32\Wbem;C:\WINDOWS\System32\WindowsPowerShell\v1.0\;C:\WINDOWS\System32\OpenSSH\;C:\Program Files (x86)\Bitvise SSH Client;C:\Program Files\nodejs\;C:\Program Files\Microsoft SQL Server\130\Tools\Binn\;C:\Program Files (x86)\Yarn\bin\;C:\sqlite3;C:\Program Files\PuTTY\;C:\Program Files\erl10.3\bin;C:\Program Files (x86)\Elixir\bin;C:\WINDOWS\system32\config\systemprofile\.mix\escripts;C:\Program Files (x86)\Brackets\command;C:\Program Files\Git\cmd;C:\Users\sara\AppData\Local\Programs\Python\Python38\Scripts\;C:\Users\sara\AppData\Local\Programs\Python\Python38\;C:\Users\sara\AppData\Local\Microsoft\WindowsApps;C:\Users\sara\AppData\Local\Programs\Microsoft VS Code\bin;C:\Users\sara\AppData\Roaming\npm;C:\Users\sara\AppData\Local\GitHubDesktop\bin;C:\Users\sara\AppData\Local\Yarn\bin;C:\Users\sara\AppData\Local\Programs\MiKTeX 2.9\miktex\bin\x64\;%USERPROFILE%\AppData\Local\Microsoft\WindowsApps;
USERNAME=sara
OS=Windows_NT
PROCESSOR_IDENTIFIER=Intel64 Family 6 Model 61 Stepping 4, GenuineIntel



---------------  S Y S T E M  ---------------

OS: Windows 10.0 , 64 bit Build 18362 (10.0.18362.329)

CPU:total 4 (initial active 4) (2 cores per cpu, 2 threads per core) family 6 model 61 stepping 4, cmov, cx8, fxsr, mmx, sse, sse2, sse3, ssse3, sse4.1, sse4.2, popcnt, avx, avx2, aes, clmul, erms, rtm, 3dnowpref, lzcnt, ht, tsc, tscinvbit, bmi1, bmi2, adx

Memory: 4k page, physical 8259968k(1745432k free), swap 8669568k(6232k free)

vm_info: Java HotSpot(TM) 64-Bit Server VM (25.241-b07) for windows-amd64 JRE (1.8.0_241-b07), built on Dec 11 2019 10:21:40 by "rejava" with MS VC++ 10.0 (VS2010)

time: Sun Mar 15 13:19:39 2020
timezone: Œrodkowoeuropejski czas stand.
elapsed time: 4 seconds (0d 0h 0m 4s)

