#
# There is insufficient memory for the Java Runtime Environment to continue.
# Native memory allocation (malloc) failed to allocate 1983760 bytes for Chunk::new
# Possible reasons:
#   The system is out of physical RAM or swap space
#   The process is running with CompressedOops enabled, and the Java Heap may be blocking the growth of the native heap
# Possible solutions:
#   Reduce memory load on the system
#   Increase physical memory or swap space
#   Check if swap backing store is full
#   Decrease Java heap size (-Xmx/-Xms)
#   Decrease number of Java threads
#   Decrease Java thread stack sizes (-Xss)
#   Set larger code cache with -XX:ReservedCodeCacheSize=
#   JVM is running with Unscaled Compressed Oops mode in which the Java heap is
#     placed in the first 4GB address space. The Java Heap base address is the
#     maximum limit for the native heap growth. Please use -XX:HeapBaseMinAddress
#     to set the Java Heap base and to place the Java Heap above 4GB virtual address.
# This output file may be truncated or incomplete.
#
#  Out of Memory Error (allocation.cpp:389), pid=10464, tid=0x00000000000028f8
#
# JRE version: Java(TM) SE Runtime Environment (8.0_241-b07) (build 1.8.0_241-b07)
# Java VM: Java HotSpot(TM) 64-Bit Server VM (25.241-b07 mixed mode windows-amd64 compressed oops)
# Failed to write core dump. Minidumps are not enabled by default on client versions of Windows
#

---------------  T H R E A D  ---------------

Current thread (0x00000000172aa800):  JavaThread "C2 CompilerThread0" daemon [_thread_in_native, id=10488, stack(0x0000000018920000,0x0000000018a20000)]

Stack: [0x0000000018920000,0x0000000018a20000]
[error occurred during error reporting (printing stack bounds), id 0xc0000005]

Native frames: (J=compiled Java code, j=interpreted, Vv=VM code, C=native code)


Current CompileTask:
C2:   5202 1743   !   4       java.net.URLClassLoader$1::run (63 bytes)


---------------  P R O C E S S  ---------------

Java Threads: ( => current thread )
  0x0000000018dc0800 JavaThread "surefire-forkedjvm-ping-30s" daemon [_thread_in_native, id=9120, stack(0x0000000019320000,0x0000000019420000)]
  0x0000000018d3d000 JavaThread "surefire-forkedjvm-command-thread" daemon [_thread_in_native, id=9052, stack(0x0000000019220000,0x0000000019320000)]
  0x00000000172fd800 JavaThread "Service Thread" daemon [_thread_blocked, id=5156, stack(0x0000000019020000,0x0000000019120000)]
  0x00000000172d1000 JavaThread "C1 CompilerThread2" daemon [_thread_blocked, id=8628, stack(0x0000000018b20000,0x0000000018c20000)]
  0x00000000172ae000 JavaThread "C2 CompilerThread1" daemon [_thread_in_native, id=724, stack(0x0000000018a20000,0x0000000018b20000)]
=>0x00000000172aa800 JavaThread "C2 CompilerThread0" daemon [_thread_in_native, id=10488, stack(0x0000000018920000,0x0000000018a20000)]
  0x00000000172a9800 JavaThread "Attach Listener" daemon [_thread_blocked, id=3320, stack(0x0000000018820000,0x0000000018920000)]
  0x00000000172a8800 JavaThread "Signal Dispatcher" daemon [_thread_blocked, id=10008, stack(0x0000000018720000,0x0000000018820000)]
  0x000000000277b000 JavaThread "Finalizer" daemon [_thread_blocked, id=12212, stack(0x0000000018510000,0x0000000018610000)]
  0x0000000002772000 JavaThread "Reference Handler" daemon [_thread_blocked, id=312, stack(0x0000000018410000,0x0000000018510000)]
  0x000000000267e800 JavaThread "main" [_thread_in_Java, id=2776, stack(0x0000000002550000,0x0000000002650000)]

Other Threads:
  0x0000000017267000 VMThread [stack: 0x0000000018310000,0x0000000018410000] [id=11964]
  0x0000000018c6b000 WatcherThread [stack: 0x0000000019120000,0x0000000019220000] [id=11000]

VM state:not at safepoint (normal execution)

VM Mutex/Monitor currently owned by a thread: None

heap address: 0x0000000081e00000, size: 2018 MB, Compressed Oops mode: 32-bit
Narrow klass base: 0x0000000000000000, Narrow klass shift: 3
Compressed class space size: 1073741824 Address: 0x0000000100000000

Heap:
 PSYoungGen      total 38400K, used 36632K [0x00000000d5f80000, 0x00000000da300000, 0x0000000100000000)
  eden space 33280K, 94% used [0x00000000d5f80000,0x00000000d7e56798,0x00000000d8000000)
  from space 5120K, 98% used [0x00000000d8000000,0x00000000d84efa30,0x00000000d8500000)
  to   space 8192K, 0% used [0x00000000d9b00000,0x00000000d9b00000,0x00000000da300000)
 ParOldGen       total 56832K, used 6678K [0x0000000081e00000, 0x0000000085580000, 0x00000000d5f80000)
  object space 56832K, 11% used [0x0000000081e00000,0x0000000082485b08,0x0000000085580000)
 Metaspace       used 25993K, capacity 27468K, committed 27648K, reserved 1073152K
  class space    used 3475K, capacity 3798K, committed 3840K, reserved 1048576K

Card table byte_map: [0x0000000011b40000,0x0000000011f40000] byte_map_base: 0x0000000011731000

Marking Bits: (ParMarkBitMap*) 0x000000005784be30
 Begin Bits: [0x00000000125f0000, 0x0000000014578000)
 End Bits:   [0x0000000014578000, 0x0000000016500000)

Polling page: 0x0000000000bc0000

CodeCache: size=245760Kb used=7443Kb max_used=7443Kb free=238316Kb
 bounds [0x0000000002780000, 0x0000000002ed0000, 0x0000000011780000]
 total_blobs=2643 nmethods=2257 adapters=297
 compilation: enabled

Compilation events (10 events):
Event: 5.183 Thread 0x00000000172d1000 nmethod 2253 0x0000000002ec77d0 code [0x0000000002ec7920, 0x0000000002ec7a90]
Event: 5.186 Thread 0x00000000172d1000 2255       3       org.springframework.beans.factory.support.AbstractBeanDefinition::getBeanClassName (25 bytes)
Event: 5.187 Thread 0x00000000172d1000 nmethod 2255 0x0000000002ec7b90 code [0x0000000002ec7d20, 0x0000000002ec8308]
Event: 5.188 Thread 0x00000000172d1000 2256       3       org.springframework.beans.factory.support.AbstractBeanDefinition::hasMethodOverrides (16 bytes)
Event: 5.188 Thread 0x00000000172d1000 nmethod 2256 0x0000000002ec8450 code [0x0000000002ec85c0, 0x0000000002ec88a8]
Event: 5.188 Thread 0x00000000172d1000 2257       3       org.springframework.beans.factory.support.MethodOverrides::isEmpty (10 bytes)
Event: 5.189 Thread 0x00000000172d1000 nmethod 2257 0x0000000002ec89d0 code [0x0000000002ec8b40, 0x0000000002ec8d68]
Event: 5.190 Thread 0x00000000172ae000 2258       4       sun.reflect.annotation.AnnotationInvocationHandler::invoke (277 bytes)
Event: 5.190 Thread 0x00000000172d1000 2259       3       org.springframework.core.annotation.TypeMappedAnnotations$AggregatesSpliterator::tryAdvance (64 bytes)
Event: 5.191 Thread 0x00000000172d1000 nmethod 2259 0x0000000002ec8e10 code [0x0000000002ec8fc0, 0x0000000002ec9508]

GC Heap History (10 events):
Event: 2.532 GC heap before
{Heap before GC invocations=2 (full 0):
 PSYoungGen      total 38400K, used 38216K [0x00000000d5f80000, 0x00000000d8a00000, 0x0000000100000000)
  eden space 33280K, 100% used [0x00000000d5f80000,0x00000000d8000000,0x00000000d8000000)
  from space 5120K, 96% used [0x00000000d8000000,0x00000000d84d2318,0x00000000d8500000)
  to   space 5120K, 0% used [0x00000000d8500000,0x00000000d8500000,0x00000000d8a00000)
 ParOldGen       total 87552K, used 16K [0x0000000081e00000, 0x0000000087380000, 0x00000000d5f80000)
  object space 87552K, 0% used [0x0000000081e00000,0x0000000081e04000,0x0000000087380000)
 Metaspace       used 14178K, capacity 15176K, committed 15360K, reserved 1062912K
  class space    used 1796K, capacity 2006K, committed 2048K, reserved 1048576K
Event: 2.543 GC heap after
Heap after GC invocations=2 (full 0):
 PSYoungGen      total 38400K, used 5104K [0x00000000d5f80000, 0x00000000d8a00000, 0x0000000100000000)
  eden space 33280K, 0% used [0x00000000d5f80000,0x00000000d5f80000,0x00000000d8000000)
  from space 5120K, 99% used [0x00000000d8500000,0x00000000d89fc3d0,0x00000000d8a00000)
  to   space 5120K, 0% used [0x00000000d8000000,0x00000000d8000000,0x00000000d8500000)
 ParOldGen       total 87552K, used 736K [0x0000000081e00000, 0x0000000087380000, 0x00000000d5f80000)
  object space 87552K, 0% used [0x0000000081e00000,0x0000000081eb8348,0x0000000087380000)
 Metaspace       used 14178K, capacity 15176K, committed 15360K, reserved 1062912K
  class space    used 1796K, capacity 2006K, committed 2048K, reserved 1048576K
}
Event: 3.281 GC heap before
{Heap before GC invocations=3 (full 0):
 PSYoungGen      total 38400K, used 38384K [0x00000000d5f80000, 0x00000000d8a00000, 0x0000000100000000)
  eden space 33280K, 100% used [0x00000000d5f80000,0x00000000d8000000,0x00000000d8000000)
  from space 5120K, 99% used [0x00000000d8500000,0x00000000d89fc3d0,0x00000000d8a00000)
  to   space 5120K, 0% used [0x00000000d8000000,0x00000000d8000000,0x00000000d8500000)
 ParOldGen       total 87552K, used 736K [0x0000000081e00000, 0x0000000087380000, 0x00000000d5f80000)
  object space 87552K, 0% used [0x0000000081e00000,0x0000000081eb8348,0x0000000087380000)
 Metaspace       used 17831K, capacity 18972K, committed 19072K, reserved 1064960K
  class space    used 2388K, capacity 2622K, committed 2688K, reserved 1048576K
Event: 3.291 GC heap after
Heap after GC invocations=3 (full 0):
 PSYoungGen      total 38400K, used 5102K [0x00000000d5f80000, 0x00000000d8a00000, 0x0000000100000000)
  eden space 33280K, 0% used [0x00000000d5f80000,0x00000000d5f80000,0x00000000d8000000)
  from space 5120K, 99% used [0x00000000d8000000,0x00000000d84fb940,0x00000000d8500000)
  to   space 5120K, 0% used [0x00000000d8500000,0x00000000d8500000,0x00000000d8a00000)
 ParOldGen       total 87552K, used 2612K [0x0000000081e00000, 0x0000000087380000, 0x00000000d5f80000)
  object space 87552K, 2% used [0x0000000081e00000,0x000000008208d210,0x0000000087380000)
 Metaspace       used 17831K, capacity 18972K, committed 19072K, reserved 1064960K
  class space    used 2388K, capacity 2622K, committed 2688K, reserved 1048576K
}
Event: 3.617 GC heap before
{Heap before GC invocations=4 (full 0):
 PSYoungGen      total 38400K, used 27519K [0x00000000d5f80000, 0x00000000d8a00000, 0x0000000100000000)
  eden space 33280K, 67% used [0x00000000d5f80000,0x00000000d7564628,0x00000000d8000000)
  from space 5120K, 99% used [0x00000000d8000000,0x00000000d84fb940,0x00000000d8500000)
  to   space 5120K, 0% used [0x00000000d8500000,0x00000000d8500000,0x00000000d8a00000)
 ParOldGen       total 87552K, used 2612K [0x0000000081e00000, 0x0000000087380000, 0x00000000d5f80000)
  object space 87552K, 2% used [0x0000000081e00000,0x000000008208d210,0x0000000087380000)
 Metaspace       used 19921K, capacity 21120K, committed 21248K, reserved 1067008K
  class space    used 2705K, capacity 2982K, committed 3072K, reserved 1048576K
Event: 3.629 GC heap after
Heap after GC invocations=4 (full 0):
 PSYoungGen      total 38400K, used 5098K [0x00000000d5f80000, 0x00000000daa80000, 0x0000000100000000)
  eden space 33280K, 0% used [0x00000000d5f80000,0x00000000d5f80000,0x00000000d8000000)
  from space 5120K, 99% used [0x00000000d8500000,0x00000000d89fab40,0x00000000d8a00000)
  to   space 5120K, 0% used [0x00000000d8000000,0x00000000d8000000,0x00000000d8500000)
 ParOldGen       total 87552K, used 4426K [0x0000000081e00000, 0x0000000087380000, 0x00000000d5f80000)
  object space 87552K, 5% used [0x0000000081e00000,0x0000000082252a68,0x0000000087380000)
 Metaspace       used 19921K, capacity 21120K, committed 21248K, reserved 1067008K
  class space    used 2705K, capacity 2982K, committed 3072K, reserved 1048576K
}
Event: 3.629 GC heap before
{Heap before GC invocations=5 (full 1):
 PSYoungGen      total 38400K, used 5098K [0x00000000d5f80000, 0x00000000daa80000, 0x0000000100000000)
  eden space 33280K, 0% used [0x00000000d5f80000,0x00000000d5f80000,0x00000000d8000000)
  from space 5120K, 99% used [0x00000000d8500000,0x00000000d89fab40,0x00000000d8a00000)
  to   space 5120K, 0% used [0x00000000d8000000,0x00000000d8000000,0x00000000d8500000)
 ParOldGen       total 87552K, used 4426K [0x0000000081e00000, 0x0000000087380000, 0x00000000d5f80000)
  object space 87552K, 5% used [0x0000000081e00000,0x0000000082252a68,0x0000000087380000)
 Metaspace       used 19921K, capacity 21120K, committed 21248K, reserved 1067008K
  class space    used 2705K, capacity 2982K, committed 3072K, reserved 1048576K
Event: 3.666 GC heap after
Heap after GC invocations=5 (full 1):
 PSYoungGen      total 38400K, used 0K [0x00000000d5f80000, 0x00000000daa80000, 0x0000000100000000)
  eden space 33280K, 0% used [0x00000000d5f80000,0x00000000d5f80000,0x00000000d8000000)
  from space 5120K, 0% used [0x00000000d8500000,0x00000000d8500000,0x00000000d8a00000)
  to   space 5120K, 0% used [0x00000000d8000000,0x00000000d8000000,0x00000000d8500000)
 ParOldGen       total 56832K, used 6670K [0x0000000081e00000, 0x0000000085580000, 0x00000000d5f80000)
  object space 56832K, 11% used [0x0000000081e00000,0x0000000082483b08,0x0000000085580000)
 Metaspace       used 19921K, capacity 21120K, committed 21248K, reserved 1067008K
  class space    used 2705K, capacity 2982K, committed 3072K, reserved 1048576K
}
Event: 4.159 GC heap before
{Heap before GC invocations=6 (full 1):
 PSYoungGen      total 38400K, used 33280K [0x00000000d5f80000, 0x00000000daa80000, 0x0000000100000000)
  eden space 33280K, 100% used [0x00000000d5f80000,0x00000000d8000000,0x00000000d8000000)
  from space 5120K, 0% used [0x00000000d8500000,0x00000000d8500000,0x00000000d8a00000)
  to   space 5120K, 0% used [0x00000000d8000000,0x00000000d8000000,0x00000000d8500000)
 ParOldGen       total 56832K, used 6670K [0x0000000081e00000, 0x0000000085580000, 0x00000000d5f80000)
  object space 56832K, 11% used [0x0000000081e00000,0x0000000082483b08,0x0000000085580000)
 Metaspace       used 23888K, capacity 25258K, committed 25600K, reserved 1071104K
  class space    used 3169K, capacity 3477K, committed 3584K, reserved 1048576K
Event: 4.167 GC heap after
Heap after GC invocations=6 (full 1):
 PSYoungGen      total 38400K, used 5054K [0x00000000d5f80000, 0x00000000da300000, 0x0000000100000000)
  eden space 33280K, 0% used [0x00000000d5f80000,0x00000000d5f80000,0x00000000d8000000)
  from space 5120K, 98% used [0x00000000d8000000,0x00000000d84efa30,0x00000000d8500000)
  to   space 8192K, 0% used [0x00000000d9b00000,0x00000000d9b00000,0x00000000da300000)
 ParOldGen       total 56832K, used 6678K [0x0000000081e00000, 0x0000000085580000, 0x00000000d5f80000)
  object space 56832K, 11% used [0x0000000081e00000,0x0000000082485b08,0x0000000085580000)
 Metaspace       used 23888K, capacity 25258K, committed 25600K, reserved 1071104K
  class space    used 3169K, capacity 3477K, committed 3584K, reserved 1048576K
}

Deoptimization events (10 events):
Event: 3.385 Thread 0x000000000267e800 Uncommon trap: reason=class_check action=maybe_recompile pc=0x0000000002c6cc74 method=java.util.HashSet.contains(Ljava/lang/Object;)Z @ 5
Event: 3.385 Thread 0x000000000267e800 Uncommon trap: reason=class_check action=maybe_recompile pc=0x0000000002c6cc74 method=java.util.HashSet.contains(Ljava/lang/Object;)Z @ 5
Event: 3.430 Thread 0x000000000267e800 Uncommon trap: reason=unstable_if action=reinterpret pc=0x0000000002a1adbc method=java.util.HashMap.hash(Ljava/lang/Object;)I @ 1
Event: 3.431 Thread 0x000000000267e800 Uncommon trap: reason=class_check action=maybe_recompile pc=0x0000000002c6cc74 method=java.util.HashSet.contains(Ljava/lang/Object;)Z @ 5
Event: 3.447 Thread 0x000000000267e800 Uncommon trap: reason=class_check action=maybe_recompile pc=0x0000000002c6cc74 method=java.util.HashSet.contains(Ljava/lang/Object;)Z @ 5
Event: 3.569 Thread 0x0000000019ffc000 Uncommon trap: reason=class_check action=maybe_recompile pc=0x0000000002bceda0 method=java.util.HashMap.putVal(ILjava/lang/Object;Ljava/lang/Object;ZZ)Ljava/lang/Object; @ 203
Event: 3.573 Thread 0x0000000019ffc000 Uncommon trap: reason=class_check action=maybe_recompile pc=0x0000000002bceda0 method=java.util.HashMap.putVal(ILjava/lang/Object;Ljava/lang/Object;ZZ)Ljava/lang/Object; @ 203
Event: 3.576 Thread 0x0000000019ffc000 Uncommon trap: reason=class_check action=maybe_recompile pc=0x0000000002bceda0 method=java.util.HashMap.putVal(ILjava/lang/Object;Ljava/lang/Object;ZZ)Ljava/lang/Object; @ 203
Event: 4.071 Thread 0x000000000267e800 Uncommon trap: reason=class_check action=maybe_recompile pc=0x0000000002bceda0 method=java.util.HashMap.putVal(ILjava/lang/Object;Ljava/lang/Object;ZZ)Ljava/lang/Object; @ 203
Event: 4.404 Thread 0x0000000019ffc000 Uncommon trap: reason=unstable_if action=reinterpret pc=0x0000000002a43b08 method=jdk.internal.org.objectweb.asm.Type.getArgumentsAndReturnSizes(Ljava/lang/String;)I @ 47

Classes redefined (0 events):
No events

Internal exceptions (10 events):
Event: 3.724 Thread 0x000000000267e800 Exception <a 'java/lang/ClassNotFoundException': org/springframework/context/ResourceLoaderAwareCustomizer> (0x00000000d63edf88) thrown at [C:\ade\jenkins\workspace\8-2-build-windows-amd64-cygwin\jdk8u241\331\hotspot\src\share\vm\classfile\systemDictionar
Event: 3.726 Thread 0x000000000267e800 Exception <a 'java/lang/ClassNotFoundException': org/springframework/beans/factory/AwareCustomizer> (0x00000000d6403ac0) thrown at [C:\ade\jenkins\workspace\8-2-build-windows-amd64-cygwin\jdk8u241\331\hotspot\src\share\vm\classfile\systemDictionary.cpp, l
Event: 3.727 Thread 0x000000000267e800 Exception <a 'java/lang/ClassNotFoundException': org/springframework/beans/factory/BeanClassLoaderAwareCustomizer> (0x00000000d641c1b8) thrown at [C:\ade\jenkins\workspace\8-2-build-windows-amd64-cygwin\jdk8u241\331\hotspot\src\share\vm\classfile\systemDi
Event: 3.729 Thread 0x000000000267e800 Exception <a 'java/lang/ClassNotFoundException': org/springframework/beans/factory/AwareCustomizer> (0x00000000d6431d80) thrown at [C:\ade\jenkins\workspace\8-2-build-windows-amd64-cygwin\jdk8u241\331\hotspot\src\share\vm\classfile\systemDictionary.cpp, l
Event: 3.731 Thread 0x000000000267e800 Exception <a 'java/lang/ClassNotFoundException': org/springframework/context/EnvironmentAwareCustomizer> (0x00000000d6447af8) thrown at [C:\ade\jenkins\workspace\8-2-build-windows-amd64-cygwin\jdk8u241\331\hotspot\src\share\vm\classfile\systemDictionary.c
Event: 3.732 Thread 0x000000000267e800 Exception <a 'java/lang/ClassNotFoundException': org/springframework/beans/factory/AwareCustomizer> (0x00000000d64ad540) thrown at [C:\ade\jenkins\workspace\8-2-build-windows-amd64-cygwin\jdk8u241\331\hotspot\src\share\vm\classfile\systemDictionary.cpp, l
Event: 4.020 Thread 0x000000000267e800 Exception <a 'java/lang/IncompatibleClassChangeError': Found class java.lang.Object, but interface was expected> (0x00000000d788cf00) thrown at [C:\ade\jenkins\workspace\8-2-build-windows-amd64-cygwin\jdk8u241\331\hotspot\src\share\vm\interpreter\linkReso
Event: 4.088 Thread 0x000000000267e800 Exception <a 'java/lang/NoSuchMethodError': java.lang.Object.lambda$getAllAnnotationAttributes$0(Lorg/springframework/util/MultiValueMap;)Lorg/springframework/util/MultiValueMap;> (0x00000000d7c4ef88) thrown at [C:\ade\jenkins\workspace\8-2-build-windows-
Event: 4.088 Thread 0x000000000267e800 Exception <a 'java/lang/NoSuchMethodError': java.lang.Object.lambda$identity$2(Ljava/lang/Object;)Ljava/lang/Object;> (0x00000000d7c52a08) thrown at [C:\ade\jenkins\workspace\8-2-build-windows-amd64-cygwin\jdk8u241\331\hotspot\src\share\vm\interpreter\lin
Event: 4.410 Thread 0x0000000019ffc000 Exception <a 'java/lang/IncompatibleClassChangeError': Found class java.lang.Object, but interface was expected> (0x00000000d699d9e8) thrown at [C:\ade\jenkins\workspace\8-2-build-windows-amd64-cygwin\jdk8u241\331\hotspot\src\share\vm\interpreter\linkReso

Events (10 events):
Event: 5.187 loading class org/springframework/boot/autoconfigure/session/SessionAutoConfiguration$ServletSessionConfiguration$ServletSessionRepositoryConfiguration
Event: 5.187 loading class org/springframework/boot/autoconfigure/session/SessionAutoConfiguration$ServletSessionConfiguration$ServletSessionRepositoryConfiguration done
Event: 5.188 loading class org/springframework/boot/autoconfigure/session/SessionAutoConfiguration$ServletSessionRepositoryValidator
Event: 5.188 loading class org/springframework/boot/autoconfigure/session/SessionAutoConfiguration$ServletSessionRepositoryValidator done
Event: 5.189 loading class org/springframework/boot/autoconfigure/session/SessionAutoConfiguration$AbstractSessionRepositoryValidator
Event: 5.189 loading class org/springframework/boot/autoconfigure/session/SessionAutoConfiguration$AbstractSessionRepositoryValidator done
Event: 5.190 loading class org/springframework/boot/autoconfigure/session/SessionRepositoryFilterConfiguration
Event: 5.190 loading class org/springframework/boot/autoconfigure/session/SessionRepositoryFilterConfiguration done
Event: 5.191 loading class org/springframework/boot/autoconfigure/session/SessionAutoConfiguration$DefaultCookieSerializerCondition
Event: 5.191 loading class org/springframework/boot/autoconfigure/session/SessionAutoConfiguration$DefaultCookieSerializerCondition done


Dynamic libraries:
0x00007ff750e30000 - 0x00007ff750e67000 	C:\Program Files\Java\jdk1.8.0_241\jre\bin\java.exe
0x00007ffa8aee0000 - 0x00007ffa8b0d0000 	C:\WINDOWS\SYSTEM32\ntdll.dll
0x00007ffa80480000 - 0x00007ffa80495000 	C:\Program Files\AVAST Software\Avast\aswhook.dll
0x00007ffa8a500000 - 0x00007ffa8a5b2000 	C:\WINDOWS\System32\KERNEL32.DLL
0x00007ffa87e70000 - 0x00007ffa88113000 	C:\WINDOWS\System32\KERNELBASE.dll
0x00007ffa8a830000 - 0x00007ffa8a8d3000 	C:\WINDOWS\System32\ADVAPI32.dll
0x00007ffa89020000 - 0x00007ffa890be000 	C:\WINDOWS\System32\msvcrt.dll
0x00007ffa8ac20000 - 0x00007ffa8acb7000 	C:\WINDOWS\System32\sechost.dll
0x00007ffa8aa20000 - 0x00007ffa8ab40000 	C:\WINDOWS\System32\RPCRT4.dll
0x00007ffa8a690000 - 0x00007ffa8a824000 	C:\WINDOWS\System32\USER32.dll
0x00007ffa88f60000 - 0x00007ffa88f81000 	C:\WINDOWS\System32\win32u.dll
0x00007ffa89ce0000 - 0x00007ffa89d06000 	C:\WINDOWS\System32\GDI32.dll
0x00007ffa88470000 - 0x00007ffa88604000 	C:\WINDOWS\System32\gdi32full.dll
0x00007ffa88610000 - 0x00007ffa886ae000 	C:\WINDOWS\System32\msvcp_win.dll
0x00007ffa88120000 - 0x00007ffa8821a000 	C:\WINDOWS\System32\ucrtbase.dll
0x00007ffa77910000 - 0x00007ffa77b95000 	C:\WINDOWS\WinSxS\amd64_microsoft.windows.common-controls_6595b64144ccf1df_6.0.18362.657_none_e6c5b579130e3898\COMCTL32.dll
0x00007ffa89880000 - 0x00007ffa89bb6000 	C:\WINDOWS\System32\combase.dll
0x00007ffa883f0000 - 0x00007ffa88470000 	C:\WINDOWS\System32\bcryptPrimitives.dll
0x00007ffa88f90000 - 0x00007ffa88fbe000 	C:\WINDOWS\System32\IMM32.DLL
0x00007ffa87ab0000 - 0x00007ffa87ba7000 	C:\Windows\system32\guard64.dll
0x00007ffa87900000 - 0x00007ffa8790a000 	C:\WINDOWS\system32\version.dll
0x00007ffa8acc0000 - 0x00007ffa8ae16000 	C:\WINDOWS\System32\ole32.dll
0x00007ffa87800000 - 0x00007ffa8780a000 	C:\WINDOWS\system32\fltlib.dll
0x00007ffa890c0000 - 0x00007ffa897a5000 	C:\WINDOWS\System32\shell32.dll
0x00007ffa88370000 - 0x00007ffa883ba000 	C:\WINDOWS\System32\cfgmgr32.dll
0x00007ffa89f40000 - 0x00007ffa89fe9000 	C:\WINDOWS\System32\shcore.dll
0x00007ffa88760000 - 0x00007ffa88edf000 	C:\WINDOWS\System32\windows.storage.dll
0x00007ffa87e30000 - 0x00007ffa87e4f000 	C:\WINDOWS\System32\profapi.dll
0x00007ffa87de0000 - 0x00007ffa87e2a000 	C:\WINDOWS\System32\powrprof.dll
0x00007ffa87db0000 - 0x00007ffa87dc0000 	C:\WINDOWS\System32\UMPDC.dll
0x00007ffa89d10000 - 0x00007ffa89d62000 	C:\WINDOWS\System32\shlwapi.dll
0x00007ffa87dc0000 - 0x00007ffa87dd1000 	C:\WINDOWS\System32\kernel.appcore.dll
0x00007ffa88f40000 - 0x00007ffa88f57000 	C:\WINDOWS\System32\cryptsp.dll
0x00000000578d0000 - 0x00000000579a2000 	C:\Program Files\Java\jdk1.8.0_241\jre\bin\msvcr100.dll
0x0000000057020000 - 0x00000000578cc000 	C:\Program Files\Java\jdk1.8.0_241\jre\bin\server\jvm.dll
0x00007ffa8ac10000 - 0x00007ffa8ac18000 	C:\WINDOWS\System32\PSAPI.DLL
0x00007ffa6d7d0000 - 0x00007ffa6d7d9000 	C:\WINDOWS\SYSTEM32\WSOCK32.dll
0x00007ffa89bc0000 - 0x00007ffa89c2f000 	C:\WINDOWS\System32\WS2_32.dll
0x00007ffa82ff0000 - 0x00007ffa83014000 	C:\WINDOWS\SYSTEM32\WINMM.dll
0x00007ffa82fc0000 - 0x00007ffa82fed000 	C:\WINDOWS\SYSTEM32\WINMMBASE.dll
0x00007ffa82850000 - 0x00007ffa8285f000 	C:\Program Files\Java\jdk1.8.0_241\jre\bin\verify.dll
0x00007ffa82820000 - 0x00007ffa82849000 	C:\Program Files\Java\jdk1.8.0_241\jre\bin\java.dll
0x00007ffa82760000 - 0x00007ffa82776000 	C:\Program Files\Java\jdk1.8.0_241\jre\bin\zip.dll
0x00007ffa804c0000 - 0x00007ffa804cd000 	C:\Program Files\Java\jdk1.8.0_241\jre\bin\management.dll
0x00007ffa81e90000 - 0x00007ffa81eaa000 	C:\Program Files\Java\jdk1.8.0_241\jre\bin\net.dll
0x00007ffa87500000 - 0x00007ffa87567000 	C:\WINDOWS\system32\mswsock.dll
0x00007ffa7f650000 - 0x00007ffa7f662000 	C:\Program Files\Java\jdk1.8.0_241\jre\bin\nio.dll
0x00007ffa63300000 - 0x00007ffa63316000 	C:\WINDOWS\system32\napinsp.dll
0x00007ffa632e0000 - 0x00007ffa632fa000 	C:\WINDOWS\system32\pnrpnsp.dll
0x00007ffa87250000 - 0x00007ffa8731a000 	C:\WINDOWS\SYSTEM32\DNSAPI.dll
0x00007ffa8a4e0000 - 0x00007ffa8a4e8000 	C:\WINDOWS\System32\NSI.dll
0x00007ffa87210000 - 0x00007ffa8724a000 	C:\WINDOWS\SYSTEM32\IPHLPAPI.DLL
0x00007ffa63250000 - 0x00007ffa6325e000 	C:\WINDOWS\System32\winrnr.dll
0x00007ffa83e30000 - 0x00007ffa83e4c000 	C:\WINDOWS\system32\NLAapi.dll
0x00007ffa82fa0000 - 0x00007ffa82fb5000 	C:\WINDOWS\system32\wshbth.dll
0x00007ffa6f9c0000 - 0x00007ffa6f9ca000 	C:\Windows\System32\rasadhlp.dll
0x00007ffa7bc30000 - 0x00007ffa7bca7000 	C:\WINDOWS\System32\fwpuclnt.dll
0x00007ffa883c0000 - 0x00007ffa883e6000 	C:\WINDOWS\System32\bcrypt.dll

VM Arguments:
java_command: C:\Users\sara\AppData\Local\Temp\surefire7895977799407901615\surefirebooter3852685624595887898.jar C:\Users\sara\AppData\Local\Temp\surefire7895977799407901615 2020-03-15T13-13-47_562-jvmRun1 surefire4599763365529099585tmp surefire_02538327975824757947tmp
java_class_path (initial): C:\Users\sara\AppData\Local\Temp\surefire7895977799407901615\surefirebooter3852685624595887898.jar
Launcher Type: SUN_STANDARD

Environment Variables:
PATH=C:\Program Files (x86)\Common Files\Oracle\Java\javapath;C:\Program Files (x86)\IntelSWTools\compilers_and_libraries_2019.3.203\windows\mpi\intel64\bin;C:\Program Files (x86)\Common Files\Intel\Shared Libraries\redist\intel64_win\mpirt;C:\Program Files (x86)\Common Files\Intel\Shared Libraries\redist\intel64_win\compiler;C:\Program Files (x86)\Common Files\Intel\Shared Libraries\redist\ia32_win\mpirt;C:\Program Files (x86)\Common Files\Intel\Shared Libraries\redist\ia32_win\compiler;C:\WINDOWS\system32;C:\WINDOWS;C:\WINDOWS\System32\Wbem;C:\WINDOWS\System32\WindowsPowerShell\v1.0\;C:\WINDOWS\System32\OpenSSH\;C:\Program Files (x86)\Bitvise SSH Client;C:\Program Files\nodejs\;C:\Program Files\Microsoft SQL Server\130\Tools\Binn\;C:\Program Files (x86)\Yarn\bin\;C:\sqlite3;C:\Program Files\PuTTY\;C:\Program Files\erl10.3\bin;C:\Program Files (x86)\Elixir\bin;C:\WINDOWS\system32\config\systemprofile\.mix\escripts;C:\Program Files (x86)\Brackets\command;C:\Program Files\Git\cmd;C:\Users\sara\AppData\Local\Programs\Python\Python38\Scripts\;C:\Users\sara\AppData\Local\Programs\Python\Python38\;C:\Users\sara\AppData\Local\Microsoft\WindowsApps;C:\Users\sara\AppData\Local\Programs\Microsoft VS Code\bin;C:\Users\sara\AppData\Roaming\npm;C:\Users\sara\AppData\Local\GitHubDesktop\bin;C:\Users\sara\AppData\Local\Yarn\bin;C:\Users\sara\AppData\Local\Programs\MiKTeX 2.9\miktex\bin\x64\;%USERPROFILE%\AppData\Local\Microsoft\WindowsApps;
USERNAME=sara
OS=Windows_NT
PROCESSOR_IDENTIFIER=Intel64 Family 6 Model 61 Stepping 4, GenuineIntel



---------------  S Y S T E M  ---------------

OS: Windows 10.0 , 64 bit Build 18362 (10.0.18362.329)

CPU:total 4 (initial active 4) (2 cores per cpu, 2 threads per core) family 6 model 61 stepping 4, cmov, cx8, fxsr, mmx, sse, sse2, sse3, ssse3, sse4.1, sse4.2, popcnt, avx, avx2, aes, clmul, erms, rtm, 3dnowpref, lzcnt, ht, tsc, tscinvbit, bmi1, bmi2, adx

Memory: 4k page, physical 8259968k(1672708k free), swap 8669568k(6344k free)

vm_info: Java HotSpot(TM) 64-Bit Server VM (25.241-b07) for windows-amd64 JRE (1.8.0_241-b07), built on Dec 11 2019 10:21:40 by "rejava" with MS VC++ 10.0 (VS2010)

time: Sun Mar 15 13:13:53 2020
timezone: Œrodkowoeuropejski czas stand.
elapsed time: 5 seconds (0d 0h 0m 5s)

