#
# There is insufficient memory for the Java Runtime Environment to continue.
# Native memory allocation (malloc) failed to allocate 32744 bytes for ChunkPool::allocate
# Possible reasons:
#   The system is out of physical RAM or swap space
#   The process is running with CompressedOops enabled, and the Java Heap may be blocking the growth of the native heap
# Possible solutions:
#   Reduce memory load on the system
#   Increase physical memory or swap space
#   Check if swap backing store is full
#   Decrease Java heap size (-Xmx/-Xms)
#   Decrease number of Java threads
#   Decrease Java thread stack sizes (-Xss)
#   Set larger code cache with -XX:ReservedCodeCacheSize=
#   JVM is running with Unscaled Compressed Oops mode in which the Java heap is
#     placed in the first 4GB address space. The Java Heap base address is the
#     maximum limit for the native heap growth. Please use -XX:HeapBaseMinAddress
#     to set the Java Heap base and to place the Java Heap above 4GB virtual address.
# This output file may be truncated or incomplete.
#
#  Out of Memory Error (allocation.cpp:272), pid=4164, tid=0x000000000000177c
#
# JRE version: Java(TM) SE Runtime Environment (8.0_241-b07) (build 1.8.0_241-b07)
# Java VM: Java HotSpot(TM) 64-Bit Server VM (25.241-b07 mixed mode windows-amd64 compressed oops)
# Failed to write core dump. Minidumps are not enabled by default on client versions of Windows
#

---------------  T H R E A D  ---------------

Current thread (0x0000000002e4e800):  JavaThread "main" [_thread_in_vm, id=6012, stack(0x0000000002d40000,0x0000000002e40000)]

Stack: [0x0000000002d40000,0x0000000002e40000]
[error occurred during error reporting (printing stack bounds), id 0xc0000005]

Native frames: (J=compiled Java code, j=interpreted, Vv=VM code, C=native code)

Java frames: (J=compiled Java code, j=interpreted, Vv=VM code)
J 252  java.lang.ClassLoader.findLoadedClass0(Ljava/lang/String;)Ljava/lang/Class; (0 bytes) @ 0x00000000030f238f [0x00000000030f2340+0x4f]
J 1603 C2 java.lang.ClassLoader.loadClass(Ljava/lang/String;Z)Ljava/lang/Class; (122 bytes) @ 0x00000000034c3824 [0x00000000034c35e0+0x244]
J 2927 C2 sun.misc.Launcher$AppClassLoader.loadClass(Ljava/lang/String;Z)Ljava/lang/Class; (85 bytes) @ 0x000000000395f768 [0x000000000395f5e0+0x188]
J 295 C1 java.lang.ClassLoader.loadClass(Ljava/lang/String;)Ljava/lang/Class; (7 bytes) @ 0x000000000310768c [0x0000000003107580+0x10c]
v  ~StubRoutines::call_stub
j  org.mockito.Mockito.<clinit>()V+0
v  ~StubRoutines::call_stub
j  org.springframework.boot.test.mock.mockito.MockReset.get(Ljava/lang/Object;)Lorg/springframework/boot/test/mock/mockito/MockReset;+5
j  org.springframework.boot.test.mock.mockito.ResetMocksTestExecutionListener.resetMocks(Lorg/springframework/context/ConfigurableApplicationContext;Lorg/springframework/boot/test/mock/mockito/MockReset;)V+104
j  org.springframework.boot.test.mock.mockito.ResetMocksTestExecutionListener.resetMocks(Lorg/springframework/context/ApplicationContext;Lorg/springframework/boot/test/mock/mockito/MockReset;)V+13
j  org.springframework.boot.test.mock.mockito.ResetMocksTestExecutionListener.beforeTestMethod(Lorg/springframework/test/context/TestContext;)V+16
j  org.springframework.test.context.TestContextManager.beforeTestMethod(Ljava/lang/Object;Ljava/lang/reflect/Method;)V+49
j  org.springframework.test.context.junit.jupiter.SpringExtension.beforeEach(Lorg/junit/jupiter/api/extension/ExtensionContext;)V+20
j  org.junit.jupiter.engine.descriptor.TestMethodTestDescriptor.lambda$invokeBeforeEachCallbacks$1(Lorg/junit/jupiter/api/extension/BeforeEachCallback;Lorg/junit/jupiter/api/extension/ExtensionContext;)V+2
j  org.junit.jupiter.engine.descriptor.TestMethodTestDescriptor$$Lambda$691.invoke(Lorg/junit/jupiter/api/extension/Extension;Lorg/junit/jupiter/api/extension/ExtensionContext;)V+5
j  org.junit.jupiter.engine.descriptor.TestMethodTestDescriptor.lambda$invokeBeforeMethodsOrCallbacksUntilExceptionOccurs$5(Lorg/junit/jupiter/engine/descriptor/TestMethodTestDescriptor$CallbackInvoker;Lorg/junit/jupiter/api/extension/Extension;Lorg/junit/jupiter/api/extension/ExtensionContext;)V+3
j  org.junit.jupiter.engine.descriptor.TestMethodTestDescriptor$$Lambda$692.execute()V+12
j  org.junit.platform.engine.support.hierarchical.ThrowableCollector.execute(Lorg/junit/platform/engine/support/hierarchical/ThrowableCollector$Executable;)V+1
j  org.junit.jupiter.engine.descriptor.TestMethodTestDescriptor.invokeBeforeMethodsOrCallbacksUntilExceptionOccurs(Ljava/lang/Class;Lorg/junit/jupiter/engine/execution/JupiterEngineExecutionContext;Lorg/junit/jupiter/engine/descriptor/TestMethodTestDescriptor$CallbackInvoker;)V+67
j  org.junit.jupiter.engine.descriptor.TestMethodTestDescriptor.invokeBeforeEachCallbacks(Lorg/junit/jupiter/engine/execution/JupiterEngineExecutionContext;)V+9
j  org.junit.jupiter.engine.descriptor.TestMethodTestDescriptor.execute(Lorg/junit/jupiter/engine/execution/JupiterEngineExecutionContext;Lorg/junit/platform/engine/support/hierarchical/Node$DynamicTestExecutor;)Lorg/junit/jupiter/engine/execution/JupiterEngineExecutionContext;+7
j  org.junit.jupiter.engine.descriptor.TestMethodTestDescriptor.execute(Lorg/junit/platform/engine/support/hierarchical/EngineExecutionContext;Lorg/junit/platform/engine/support/hierarchical/Node$DynamicTestExecutor;)Lorg/junit/platform/engine/support/hierarchical/EngineExecutionContext;+6
j  org.junit.platform.engine.support.hierarchical.NodeTestTask.lambda$executeRecursively$5()V+79
j  org.junit.platform.engine.support.hierarchical.NodeTestTask$$Lambda$169.execute()V+4
j  org.junit.platform.engine.support.hierarchical.ThrowableCollector.execute(Lorg/junit/platform/engine/support/hierarchical/ThrowableCollector$Executable;)V+1
j  org.junit.platform.engine.support.hierarchical.NodeTestTask.lambda$executeRecursively$7(Lorg/junit/platform/engine/support/hierarchical/EngineExecutionContext;)V+15
j  org.junit.platform.engine.support.hierarchical.NodeTestTask$$Lambda$168.invoke(Lorg/junit/platform/engine/support/hierarchical/EngineExecutionContext;)V+5
j  org.junit.platform.engine.support.hierarchical.Node.around(Lorg/junit/platform/engine/support/hierarchical/EngineExecutionContext;Lorg/junit/platform/engine/support/hierarchical/Node$Invocation;)V+2
j  org.junit.platform.engine.support.hierarchical.NodeTestTask.lambda$executeRecursively$8()V+14
j  org.junit.platform.engine.support.hierarchical.NodeTestTask$$Lambda$167.execute()V+4
j  org.junit.platform.engine.support.hierarchical.ThrowableCollector.execute(Lorg/junit/platform/engine/support/hierarchical/ThrowableCollector$Executable;)V+1
j  org.junit.platform.engine.support.hierarchical.NodeTestTask.executeRecursively()V+31
j  org.junit.platform.engine.support.hierarchical.NodeTestTask.execute()V+55
j  org.junit.platform.engine.support.hierarchical.SameThreadHierarchicalTestExecutorService$$Lambda$173.accept(Ljava/lang/Object;)V+4
j  java.util.ArrayList.forEach(Ljava/util/function/Consumer;)V+47
j  org.junit.platform.engine.support.hierarchical.SameThreadHierarchicalTestExecutorService.invokeAll(Ljava/util/List;)V+6
j  org.junit.platform.engine.support.hierarchical.NodeTestTask.lambda$executeRecursively$5()V+116
j  org.junit.platform.engine.support.hierarchical.NodeTestTask$$Lambda$169.execute()V+4
j  org.junit.platform.engine.support.hierarchical.ThrowableCollector.execute(Lorg/junit/platform/engine/support/hierarchical/ThrowableCollector$Executable;)V+1
j  org.junit.platform.engine.support.hierarchical.NodeTestTask.lambda$executeRecursively$7(Lorg/junit/platform/engine/support/hierarchical/EngineExecutionContext;)V+15
j  org.junit.platform.engine.support.hierarchical.NodeTestTask$$Lambda$168.invoke(Lorg/junit/platform/engine/support/hierarchical/EngineExecutionContext;)V+5
j  org.junit.platform.engine.support.hierarchical.Node.around(Lorg/junit/platform/engine/support/hierarchical/EngineExecutionContext;Lorg/junit/platform/engine/support/hierarchical/Node$Invocation;)V+2
j  org.junit.platform.engine.support.hierarchical.NodeTestTask.lambda$executeRecursively$8()V+14
j  org.junit.platform.engine.support.hierarchical.NodeTestTask$$Lambda$167.execute()V+4
j  org.junit.platform.engine.support.hierarchical.ThrowableCollector.execute(Lorg/junit/platform/engine/support/hierarchical/ThrowableCollector$Executable;)V+1
j  org.junit.platform.engine.support.hierarchical.NodeTestTask.executeRecursively()V+31
j  org.junit.platform.engine.support.hierarchical.NodeTestTask.execute()V+55
j  org.junit.platform.engine.support.hierarchical.SameThreadHierarchicalTestExecutorService$$Lambda$173.accept(Ljava/lang/Object;)V+4
j  java.util.ArrayList.forEach(Ljava/util/function/Consumer;)V+47
j  org.junit.platform.engine.support.hierarchical.SameThreadHierarchicalTestExecutorService.invokeAll(Ljava/util/List;)V+6
j  org.junit.platform.engine.support.hierarchical.NodeTestTask.lambda$executeRecursively$5()V+116
j  org.junit.platform.engine.support.hierarchical.NodeTestTask$$Lambda$169.execute()V+4
j  org.junit.platform.engine.support.hierarchical.ThrowableCollector.execute(Lorg/junit/platform/engine/support/hierarchical/ThrowableCollector$Executable;)V+1
j  org.junit.platform.engine.support.hierarchical.NodeTestTask.lambda$executeRecursively$7(Lorg/junit/platform/engine/support/hierarchical/EngineExecutionContext;)V+15
j  org.junit.platform.engine.support.hierarchical.NodeTestTask$$Lambda$168.invoke(Lorg/junit/platform/engine/support/hierarchical/EngineExecutionContext;)V+5
j  org.junit.platform.engine.support.hierarchical.Node.around(Lorg/junit/platform/engine/support/hierarchical/EngineExecutionContext;Lorg/junit/platform/engine/support/hierarchical/Node$Invocation;)V+2
j  org.junit.platform.engine.support.hierarchical.NodeTestTask.lambda$executeRecursively$8()V+14
j  org.junit.platform.engine.support.hierarchical.NodeTestTask$$Lambda$167.execute()V+4
j  org.junit.platform.engine.support.hierarchical.ThrowableCollector.execute(Lorg/junit/platform/engine/support/hierarchical/ThrowableCollector$Executable;)V+1
j  org.junit.platform.engine.support.hierarchical.NodeTestTask.executeRecursively()V+31
j  org.junit.platform.engine.support.hierarchical.NodeTestTask.execute()V+55
j  org.junit.platform.engine.support.hierarchical.SameThreadHierarchicalTestExecutorService.submit(Lorg/junit/platform/engine/support/hierarchical/HierarchicalTestExecutorService$TestTask;)Ljava/util/concurrent/Future;+1
j  org.junit.platform.engine.support.hierarchical.HierarchicalTestExecutor.execute()Ljava/util/concurrent/Future;+74
j  org.junit.platform.engine.support.hierarchical.HierarchicalTestEngine.execute(Lorg/junit/platform/engine/ExecutionRequest;)V+31
j  org.junit.platform.launcher.core.DefaultLauncher.execute(Lorg/junit/platform/engine/TestEngine;Lorg/junit/platform/engine/ExecutionRequest;)V+2
j  org.junit.platform.launcher.core.DefaultLauncher.lambda$execute$6(Lorg/junit/platform/launcher/core/Root;Lorg/junit/platform/engine/ConfigurationParameters;Lorg/junit/platform/launcher/TestExecutionListener;)V+85
j  org.junit.platform.launcher.core.DefaultLauncher$$Lambda$138.accept(Ljava/lang/Object;)V+16
j  org.junit.platform.launcher.core.DefaultLauncher.withInterceptedStreams(Lorg/junit/platform/engine/ConfigurationParameters;Lorg/junit/platform/launcher/core/TestExecutionListenerRegistry;Ljava/util/function/Consumer;)V+43
j  org.junit.platform.launcher.core.DefaultLauncher.execute(Lorg/junit/platform/launcher/core/Root;Lorg/junit/platform/engine/ConfigurationParameters;[Lorg/junit/platform/launcher/TestExecutionListener;)V+19
j  org.junit.platform.launcher.core.DefaultLauncher.execute(Lorg/junit/platform/launcher/LauncherDiscoveryRequest;[Lorg/junit/platform/launcher/TestExecutionListener;)V+36
j  org.apache.maven.surefire.junitplatform.JUnitPlatformProvider.invokeAllTests(Lorg/apache/maven/surefire/util/TestsToRun;Lorg/apache/maven/surefire/report/RunListener;)V+26
j  org.apache.maven.surefire.junitplatform.JUnitPlatformProvider.invoke(Ljava/lang/Object;)Lorg/apache/maven/surefire/suite/RunResult;+80
j  org.apache.maven.surefire.booter.ForkedBooter.invokeProviderInSameClassLoader(Lorg/apache/maven/surefire/booter/ForkingReporterFactory;)Lorg/apache/maven/surefire/suite/RunResult;+9
j  org.apache.maven.surefire.booter.ForkedBooter.runSuitesInProcess()Lorg/apache/maven/surefire/suite/RunResult;+7
j  org.apache.maven.surefire.booter.ForkedBooter.execute()V+1
j  org.apache.maven.surefire.booter.ForkedBooter.main([Ljava/lang/String;)V+35
v  ~StubRoutines::call_stub

---------------  P R O C E S S  ---------------

Java Threads: ( => current thread )
  0x000000001955c000 JavaThread "surefire-forkedjvm-ping-30s" daemon [_thread_blocked, id=6700, stack(0x0000000019ad0000,0x0000000019bd0000)]
  0x00000000194d1000 JavaThread "surefire-forkedjvm-command-thread" daemon [_thread_in_native, id=12872, stack(0x00000000199d0000,0x0000000019ad0000)]
  0x0000000019400800 JavaThread "Service Thread" daemon [_thread_blocked, id=8904, stack(0x00000000197d0000,0x00000000198d0000)]
  0x0000000017a82000 JavaThread "C1 CompilerThread2" daemon [_thread_blocked, id=2676, stack(0x00000000192d0000,0x00000000193d0000)]
  0x0000000017a7d800 JavaThread "C2 CompilerThread1" daemon [_thread_in_native, id=13160, stack(0x00000000191d0000,0x00000000192d0000)]
  0x0000000017a7a000 JavaThread "C2 CompilerThread0" daemon [_thread_in_native, id=3128, stack(0x00000000190d0000,0x00000000191d0000)]
  0x0000000017a79000 JavaThread "Attach Listener" daemon [_thread_blocked, id=11592, stack(0x0000000018fd0000,0x00000000190d0000)]
  0x0000000017a78000 JavaThread "Signal Dispatcher" daemon [_thread_blocked, id=9784, stack(0x0000000018ed0000,0x0000000018fd0000)]
  0x0000000002f4d000 JavaThread "Finalizer" daemon [_thread_blocked, id=2112, stack(0x0000000018cc0000,0x0000000018dc0000)]
  0x0000000002f44800 JavaThread "Reference Handler" daemon [_thread_blocked, id=9248, stack(0x0000000018bc0000,0x0000000018cc0000)]
=>0x0000000002e4e800 JavaThread "main" [_thread_in_vm, id=6012, stack(0x0000000002d40000,0x0000000002e40000)]

Other Threads:
  0x0000000017a37000 VMThread [stack: 0x0000000018ac0000,0x0000000018bc0000] [id=5676]
  0x000000001941a800 WatcherThread [stack: 0x00000000198d0000,0x00000000199d0000] [id=11444]

VM state:not at safepoint (normal execution)

VM Mutex/Monitor currently owned by a thread: None

heap address: 0x0000000081e00000, size: 2018 MB, Compressed Oops mode: 32-bit
Narrow klass base: 0x0000000000000000, Narrow klass shift: 3
Compressed class space size: 1073741824 Address: 0x0000000100000000

Heap:
 PSYoungGen      total 115712K, used 60236K [0x00000000d5f80000, 0x00000000dda80000, 0x0000000100000000)
  eden space 106496K, 49% used [0x00000000d5f80000,0x00000000d9280110,0x00000000dc780000)
  from space 9216K, 86% used [0x00000000dd100000,0x00000000dd8d3068,0x00000000dda00000)
  to   space 9728K, 0% used [0x00000000dc780000,0x00000000dc780000,0x00000000dd100000)
 ParOldGen       total 55296K, used 9817K [0x0000000081e00000, 0x0000000085400000, 0x00000000d5f80000)
  object space 55296K, 17% used [0x0000000081e00000,0x0000000082796520,0x0000000085400000)
 Metaspace       used 31198K, capacity 33538K, committed 33664K, reserved 1079296K
  class space    used 4203K, capacity 4629K, committed 4736K, reserved 1048576K

Card table byte_map: [0x0000000012310000,0x0000000012710000] byte_map_base: 0x0000000011f01000

Marking Bits: (ParMarkBitMap*) 0x000000005784be30
 Begin Bits: [0x0000000012dc0000, 0x0000000014d48000)
 End Bits:   [0x0000000014d48000, 0x0000000016cd0000)

Polling page: 0x0000000001350000

CodeCache: size=245760Kb used=10978Kb max_used=10978Kb free=234781Kb
 bounds [0x0000000002f50000, 0x0000000003a10000, 0x0000000011f50000]
 total_blobs=3504 nmethods=3105 adapters=310
 compilation: enabled

Compilation events (10 events):
Event: 7.524 Thread 0x0000000017a82000 3108   !   3       org.springframework.util.ConcurrentReferenceHashMap$Segment::clear (69 bytes)
Event: 7.524 Thread 0x0000000017a82000 nmethod 3108 0x0000000003a0c410 code [0x0000000003a0c5e0, 0x0000000003a0d048]
Event: 7.528 Thread 0x0000000017a82000 3109       1       ch.qos.logback.core.pattern.Converter::getNext (5 bytes)
Event: 7.528 Thread 0x0000000017a82000 nmethod 3109 0x0000000003a0d410 code [0x0000000003a0d560, 0x0000000003a0d670]
Event: 7.577 Thread 0x0000000017a82000 3110       3       org.springframework.core.ResolvableType::isAssignableFrom (7 bytes)
Event: 7.577 Thread 0x0000000017a82000 nmethod 3110 0x0000000003a0d6d0 code [0x0000000003a0d840, 0x0000000003a0d9c8]
Event: 7.577 Thread 0x0000000017a82000 3111       1       java.lang.ThreadLocal::getMap (5 bytes)
Event: 7.577 Thread 0x0000000017a82000 nmethod 3111 0x0000000003a0da50 code [0x0000000003a0dba0, 0x0000000003a0dcb0]
Event: 7.584 Thread 0x0000000017a82000 3112       3       org.junit.platform.commons.util.AnnotationUtils::findMetaAnnotation (84 bytes)
Event: 7.585 Thread 0x0000000017a82000 nmethod 3112 0x0000000003a0dd50 code [0x0000000003a0df40, 0x0000000003a0e9c8]

GC Heap History (10 events):
Event: 3.359 GC heap before
{Heap before GC invocations=3 (full 0):
 PSYoungGen      total 38400K, used 38375K [0x00000000d5f80000, 0x00000000daa80000, 0x0000000100000000)
  eden space 33280K, 100% used [0x00000000d5f80000,0x00000000d8000000,0x00000000d8000000)
  from space 5120K, 99% used [0x00000000d8500000,0x00000000d89f9e28,0x00000000d8a00000)
  to   space 5120K, 0% used [0x00000000d8000000,0x00000000d8000000,0x00000000d8500000)
 ParOldGen       total 87552K, used 826K [0x0000000081e00000, 0x0000000087380000, 0x00000000d5f80000)
  object space 87552K, 0% used [0x0000000081e00000,0x0000000081ece848,0x0000000087380000)
 Metaspace       used 17981K, capacity 19104K, committed 19328K, reserved 1067008K
  class space    used 2403K, capacity 2624K, committed 2688K, reserved 1048576K
Event: 3.366 GC heap after
Heap after GC invocations=3 (full 0):
 PSYoungGen      total 38400K, used 5111K [0x00000000d5f80000, 0x00000000daa80000, 0x0000000100000000)
  eden space 33280K, 0% used [0x00000000d5f80000,0x00000000d5f80000,0x00000000d8000000)
  from space 5120K, 99% used [0x00000000d8000000,0x00000000d84fdf28,0x00000000d8500000)
  to   space 5120K, 0% used [0x00000000da580000,0x00000000da580000,0x00000000daa80000)
 ParOldGen       total 87552K, used 2678K [0x0000000081e00000, 0x0000000087380000, 0x00000000d5f80000)
  object space 87552K, 3% used [0x0000000081e00000,0x000000008209daa0,0x0000000087380000)
 Metaspace       used 17981K, capacity 19104K, committed 19328K, reserved 1067008K
  class space    used 2403K, capacity 2624K, committed 2688K, reserved 1048576K
}
Event: 3.644 GC heap before
{Heap before GC invocations=4 (full 0):
 PSYoungGen      total 38400K, used 26342K [0x00000000d5f80000, 0x00000000daa80000, 0x0000000100000000)
  eden space 33280K, 63% used [0x00000000d5f80000,0x00000000d743bc68,0x00000000d8000000)
  from space 5120K, 99% used [0x00000000d8000000,0x00000000d84fdf28,0x00000000d8500000)
  to   space 5120K, 0% used [0x00000000da580000,0x00000000da580000,0x00000000daa80000)
 ParOldGen       total 87552K, used 2678K [0x0000000081e00000, 0x0000000087380000, 0x00000000d5f80000)
  object space 87552K, 3% used [0x0000000081e00000,0x000000008209daa0,0x0000000087380000)
 Metaspace       used 19852K, capacity 21104K, committed 21248K, reserved 1067008K
  class space    used 2704K, capacity 2980K, committed 3072K, reserved 1048576K
Event: 3.652 GC heap after
Heap after GC invocations=4 (full 0):
 PSYoungGen      total 71680K, used 5098K [0x00000000d5f80000, 0x00000000daa80000, 0x0000000100000000)
  eden space 66560K, 0% used [0x00000000d5f80000,0x00000000d5f80000,0x00000000da080000)
  from space 5120K, 99% used [0x00000000da580000,0x00000000daa7ab58,0x00000000daa80000)
  to   space 5120K, 0% used [0x00000000da080000,0x00000000da080000,0x00000000da580000)
 ParOldGen       total 87552K, used 4217K [0x0000000081e00000, 0x0000000087380000, 0x00000000d5f80000)
  object space 87552K, 4% used [0x0000000081e00000,0x000000008221e460,0x0000000087380000)
 Metaspace       used 19852K, capacity 21104K, committed 21248K, reserved 1067008K
  class space    used 2704K, capacity 2980K, committed 3072K, reserved 1048576K
}
Event: 3.652 GC heap before
{Heap before GC invocations=5 (full 1):
 PSYoungGen      total 71680K, used 5098K [0x00000000d5f80000, 0x00000000daa80000, 0x0000000100000000)
  eden space 66560K, 0% used [0x00000000d5f80000,0x00000000d5f80000,0x00000000da080000)
  from space 5120K, 99% used [0x00000000da580000,0x00000000daa7ab58,0x00000000daa80000)
  to   space 5120K, 0% used [0x00000000da080000,0x00000000da080000,0x00000000da580000)
 ParOldGen       total 87552K, used 4217K [0x0000000081e00000, 0x0000000087380000, 0x00000000d5f80000)
  object space 87552K, 4% used [0x0000000081e00000,0x000000008221e460,0x0000000087380000)
 Metaspace       used 19852K, capacity 21104K, committed 21248K, reserved 1067008K
  class space    used 2704K, capacity 2980K, committed 3072K, reserved 1048576K
Event: 3.687 GC heap after
Heap after GC invocations=5 (full 1):
 PSYoungGen      total 71680K, used 0K [0x00000000d5f80000, 0x00000000daa80000, 0x0000000100000000)
  eden space 66560K, 0% used [0x00000000d5f80000,0x00000000d5f80000,0x00000000da080000)
  from space 5120K, 0% used [0x00000000da580000,0x00000000da580000,0x00000000daa80000)
  to   space 5120K, 0% used [0x00000000da080000,0x00000000da080000,0x00000000da580000)
 ParOldGen       total 55296K, used 6465K [0x0000000081e00000, 0x0000000085400000, 0x00000000d5f80000)
  object space 55296K, 11% used [0x0000000081e00000,0x0000000082450608,0x0000000085400000)
 Metaspace       used 19852K, capacity 21104K, committed 21248K, reserved 1067008K
  class space    used 2704K, capacity 2980K, committed 3072K, reserved 1048576K
}
Event: 5.202 GC heap before
{Heap before GC invocations=6 (full 1):
 PSYoungGen      total 71680K, used 66560K [0x00000000d5f80000, 0x00000000daa80000, 0x0000000100000000)
  eden space 66560K, 100% used [0x00000000d5f80000,0x00000000da080000,0x00000000da080000)
  from space 5120K, 0% used [0x00000000da580000,0x00000000da580000,0x00000000daa80000)
  to   space 5120K, 0% used [0x00000000da080000,0x00000000da080000,0x00000000da580000)
 ParOldGen       total 55296K, used 6465K [0x0000000081e00000, 0x0000000085400000, 0x00000000d5f80000)
  object space 55296K, 11% used [0x0000000081e00000,0x0000000082450608,0x0000000085400000)
 Metaspace       used 26026K, capacity 27536K, committed 27648K, reserved 1073152K
  class space    used 3481K, capacity 3798K, committed 3840K, reserved 1048576K
Event: 5.220 GC heap after
Heap after GC invocations=6 (full 1):
 PSYoungGen      total 71680K, used 5095K [0x00000000d5f80000, 0x00000000dda00000, 0x0000000100000000)
  eden space 66560K, 0% used [0x00000000d5f80000,0x00000000d5f80000,0x00000000da080000)
  from space 5120K, 99% used [0x00000000da080000,0x00000000da579ed8,0x00000000da580000)
  to   space 9216K, 0% used [0x00000000dd100000,0x00000000dd100000,0x00000000dda00000)
 ParOldGen       total 55296K, used 9817K [0x0000000081e00000, 0x0000000085400000, 0x00000000d5f80000)
  object space 55296K, 17% used [0x0000000081e00000,0x0000000082796520,0x0000000085400000)
 Metaspace       used 26026K, capacity 27536K, committed 27648K, reserved 1073152K
  class space    used 3481K, capacity 3798K, committed 3840K, reserved 1048576K
}
Event: 6.640 GC heap before
{Heap before GC invocations=7 (full 1):
 PSYoungGen      total 71680K, used 71655K [0x00000000d5f80000, 0x00000000dda00000, 0x0000000100000000)
  eden space 66560K, 100% used [0x00000000d5f80000,0x00000000da080000,0x00000000da080000)
  from space 5120K, 99% used [0x00000000da080000,0x00000000da579ed8,0x00000000da580000)
  to   space 9216K, 0% used [0x00000000dd100000,0x00000000dd100000,0x00000000dda00000)
 ParOldGen       total 55296K, used 9817K [0x0000000081e00000, 0x0000000085400000, 0x00000000d5f80000)
  object space 55296K, 17% used [0x0000000081e00000,0x0000000082796520,0x0000000085400000)
 Metaspace       used 29768K, capacity 31870K, committed 32128K, reserved 1077248K
  class space    used 3998K, capacity 4385K, committed 4480K, reserved 1048576K
Event: 6.659 GC heap after
Heap after GC invocations=7 (full 1):
 PSYoungGen      total 115712K, used 8012K [0x00000000d5f80000, 0x00000000dda80000, 0x0000000100000000)
  eden space 106496K, 0% used [0x00000000d5f80000,0x00000000d5f80000,0x00000000dc780000)
  from space 9216K, 86% used [0x00000000dd100000,0x00000000dd8d3068,0x00000000dda00000)
  to   space 9728K, 0% used [0x00000000dc780000,0x00000000dc780000,0x00000000dd100000)
 ParOldGen       total 55296K, used 9817K [0x0000000081e00000, 0x0000000085400000, 0x00000000d5f80000)
  object space 55296K, 17% used [0x0000000081e00000,0x0000000082796520,0x0000000085400000)
 Metaspace       used 29768K, capacity 31870K, committed 32128K, reserved 1077248K
  class space    used 3998K, capacity 4385K, committed 4480K, reserved 1048576K
}

Deoptimization events (10 events):
Event: 6.181 Thread 0x0000000002e4e800 Uncommon trap: reason=unstable_if action=reinterpret pc=0x00000000036d9f4c method=org.springframework.util.ConcurrentReferenceHashMap$Segment.findInChain(Lorg/springframework/util/ConcurrentReferenceHashMap$Reference;Ljava/lang/Object;I)Lorg/springframewo
Event: 6.370 Thread 0x0000000002e4e800 Uncommon trap: reason=unstable_if action=reinterpret pc=0x000000000388fc80 method=java.lang.reflect.Method.equals(Ljava/lang/Object;)Z @ 1
Event: 6.672 Thread 0x0000000002e4e800 Uncommon trap: reason=class_check action=maybe_recompile pc=0x00000000038ce560 method=java.lang.reflect.Array.newInstance(Ljava/lang/Class;I)Ljava/lang/Object; @ 2
Event: 6.672 Thread 0x0000000002e4e800 Uncommon trap: reason=class_check action=maybe_recompile pc=0x00000000038ce560 method=java.lang.reflect.Array.newInstance(Ljava/lang/Class;I)Ljava/lang/Object; @ 2
Event: 6.672 Thread 0x0000000002e4e800 Uncommon trap: reason=class_check action=maybe_recompile pc=0x00000000038ce560 method=java.lang.reflect.Array.newInstance(Ljava/lang/Class;I)Ljava/lang/Object; @ 2
Event: 6.672 Thread 0x0000000002e4e800 Uncommon trap: reason=class_check action=maybe_recompile pc=0x00000000038ce560 method=java.lang.reflect.Array.newInstance(Ljava/lang/Class;I)Ljava/lang/Object; @ 2
Event: 7.056 Thread 0x0000000002e4e800 Uncommon trap: reason=unstable_if action=reinterpret pc=0x0000000003963cc8 method=org.springframework.beans.factory.support.AbstractBeanFactory.isTypeMatch(Ljava/lang/String;Lorg/springframework/core/ResolvableType;Z)Z @ 34
Event: 7.287 Thread 0x0000000002e4e800 Uncommon trap: reason=unstable_if action=reinterpret pc=0x000000000387c078 method=org.springframework.beans.factory.support.DefaultSingletonBeanRegistry.getSingleton(Ljava/lang/String;Z)Ljava/lang/Object; @ 47
Event: 7.519 Thread 0x0000000002e4e800 Uncommon trap: reason=unstable_if action=reinterpret pc=0x00000000037da5d8 method=org.springframework.util.ConcurrentReferenceHashMap$Segment.clear()V @ 7
Event: 7.572 Thread 0x0000000002e4e800 Uncommon trap: reason=unstable_if action=reinterpret pc=0x00000000036ae1c0 method=java.util.LinkedHashMap.get(Ljava/lang/Object;)Ljava/lang/Object; @ 20

Classes redefined (0 events):
No events

Internal exceptions (10 events):
Event: 7.483 Thread 0x0000000002e4e800 Exception <a 'java/lang/ClassNotFoundException': org/springframework/core/env/EnvironmentCapableCustomizer> (0x00000000d8d302d0) thrown at [C:\ade\jenkins\workspace\8-2-build-windows-amd64-cygwin\jdk8u241\331\hotspot\src\share\vm\classfile\systemDictionar
Event: 7.486 Thread 0x0000000002e4e800 Exception <a 'java/lang/ClassNotFoundException': org/springframework/web/context/ServletContextAwareCustomizer> (0x00000000d8d49148) thrown at [C:\ade\jenkins\workspace\8-2-build-windows-amd64-cygwin\jdk8u241\331\hotspot\src\share\vm\classfile\systemDicti
Event: 7.486 Thread 0x0000000002e4e800 Exception <a 'java/lang/ClassNotFoundException': org/springframework/beans/factory/AwareCustomizer> (0x00000000d8d5eb88) thrown at [C:\ade\jenkins\workspace\8-2-build-windows-amd64-cygwin\jdk8u241\331\hotspot\src\share\vm\classfile\systemDictionary.cpp, l
Event: 7.487 Thread 0x0000000002e4e800 Exception <a 'java/lang/ClassNotFoundException': org/springframework/beans/factory/InitializingBeanCustomizer> (0x00000000d8d76228) thrown at [C:\ade\jenkins\workspace\8-2-build-windows-amd64-cygwin\jdk8u241\331\hotspot\src\share\vm\classfile\systemDictio
Event: 7.487 Thread 0x0000000002e4e800 Exception <a 'java/lang/ClassNotFoundException': org/springframework/beans/factory/DisposableBeanCustomizer> (0x00000000d8d8d298) thrown at [C:\ade\jenkins\workspace\8-2-build-windows-amd64-cygwin\jdk8u241\331\hotspot\src\share\vm\classfile\systemDictiona
Event: 7.489 Thread 0x0000000002e4e800 Exception <a 'java/lang/ClassNotFoundException': java/lang/ObjectCustomizer> (0x00000000d8da4250) thrown at [C:\ade\jenkins\workspace\8-2-build-windows-amd64-cygwin\jdk8u241\331\hotspot\src\share\vm\classfile\systemDictionary.cpp, line 210]
Event: 7.490 Thread 0x0000000002e4e800 Exception <a 'java/lang/ClassNotFoundException': org/springframework/web/multipart/support/StandardServletMultipartResolverCustomizer> (0x00000000d8dc4e30) thrown at [C:\ade\jenkins\workspace\8-2-build-windows-amd64-cygwin\jdk8u241\331\hotspot\src\share\v
Event: 7.491 Thread 0x0000000002e4e800 Exception <a 'java/lang/ClassNotFoundException': org/springframework/web/multipart/MultipartResolverCustomizer> (0x00000000d8de18c0) thrown at [C:\ade\jenkins\workspace\8-2-build-windows-amd64-cygwin\jdk8u241\331\hotspot\src\share\vm\classfile\systemDicti
Event: 7.572 Thread 0x0000000002e4e800 Exception <a 'java/lang/ClassNotFoundException': java/lang/ObjectCustomizer> (0x00000000d902ba78) thrown at [C:\ade\jenkins\workspace\8-2-build-windows-amd64-cygwin\jdk8u241\331\hotspot\src\share\vm\classfile\systemDictionary.cpp, line 210]
Event: 7.574 Thread 0x0000000002e4e800 Exception <a 'java/lang/ClassNotFoundException': com/rest/restapi/RestapiApplicationTestsCustomizer> (0x00000000d9043348) thrown at [C:\ade\jenkins\workspace\8-2-build-windows-amd64-cygwin\jdk8u241\331\hotspot\src\share\vm\classfile\systemDictionary.cpp, 

Events (10 events):
Event: 7.596 loading class org/mockito/session/MockitoSessionBuilder
Event: 7.596 loading class org/mockito/session/MockitoSessionBuilder done
Event: 7.597 loading class org/mockito/internal/MockitoCore
Event: 7.597 loading class org/mockito/internal/MockitoCore done
Event: 7.599 loading class org/mockito/exceptions/base/MockitoException
Event: 7.599 loading class org/mockito/exceptions/base/MockitoException done
Event: 7.601 loading class org/mockito/exceptions/misusing/NotAMockException
Event: 7.601 loading class org/mockito/exceptions/misusing/NotAMockException done
Event: 7.602 loading class org/mockito/internal/verification/api/VerificationData
Event: 7.602 loading class org/mockito/internal/verification/api/VerificationData done


Dynamic libraries:
0x00007ff750e30000 - 0x00007ff750e67000 	C:\Program Files\Java\jdk1.8.0_241\jre\bin\java.exe
0x00007ffa8aee0000 - 0x00007ffa8b0d0000 	C:\WINDOWS\SYSTEM32\ntdll.dll
0x00007ffa80480000 - 0x00007ffa80495000 	C:\Program Files\AVAST Software\Avast\aswhook.dll
0x00007ffa8a500000 - 0x00007ffa8a5b2000 	C:\WINDOWS\System32\KERNEL32.DLL
0x00007ffa87e70000 - 0x00007ffa88113000 	C:\WINDOWS\System32\KERNELBASE.dll
0x00007ffa8a830000 - 0x00007ffa8a8d3000 	C:\WINDOWS\System32\ADVAPI32.dll
0x00007ffa89020000 - 0x00007ffa890be000 	C:\WINDOWS\System32\msvcrt.dll
0x00007ffa8ac20000 - 0x00007ffa8acb7000 	C:\WINDOWS\System32\sechost.dll
0x00007ffa8aa20000 - 0x00007ffa8ab40000 	C:\WINDOWS\System32\RPCRT4.dll
0x00007ffa8a690000 - 0x00007ffa8a824000 	C:\WINDOWS\System32\USER32.dll
0x00007ffa88f60000 - 0x00007ffa88f81000 	C:\WINDOWS\System32\win32u.dll
0x00007ffa89ce0000 - 0x00007ffa89d06000 	C:\WINDOWS\System32\GDI32.dll
0x00007ffa88470000 - 0x00007ffa88604000 	C:\WINDOWS\System32\gdi32full.dll
0x00007ffa88610000 - 0x00007ffa886ae000 	C:\WINDOWS\System32\msvcp_win.dll
0x00007ffa88120000 - 0x00007ffa8821a000 	C:\WINDOWS\System32\ucrtbase.dll
0x00007ffa77910000 - 0x00007ffa77b95000 	C:\WINDOWS\WinSxS\amd64_microsoft.windows.common-controls_6595b64144ccf1df_6.0.18362.657_none_e6c5b579130e3898\COMCTL32.dll
0x00007ffa89880000 - 0x00007ffa89bb6000 	C:\WINDOWS\System32\combase.dll
0x00007ffa883f0000 - 0x00007ffa88470000 	C:\WINDOWS\System32\bcryptPrimitives.dll
0x00007ffa88f90000 - 0x00007ffa88fbe000 	C:\WINDOWS\System32\IMM32.DLL
0x00007ffa87ab0000 - 0x00007ffa87ba7000 	C:\Windows\system32\guard64.dll
0x00007ffa87900000 - 0x00007ffa8790a000 	C:\WINDOWS\system32\version.dll
0x00007ffa8acc0000 - 0x00007ffa8ae16000 	C:\WINDOWS\System32\ole32.dll
0x00007ffa87800000 - 0x00007ffa8780a000 	C:\WINDOWS\system32\fltlib.dll
0x00007ffa890c0000 - 0x00007ffa897a5000 	C:\WINDOWS\System32\shell32.dll
0x00007ffa88370000 - 0x00007ffa883ba000 	C:\WINDOWS\System32\cfgmgr32.dll
0x00007ffa89f40000 - 0x00007ffa89fe9000 	C:\WINDOWS\System32\shcore.dll
0x00007ffa88760000 - 0x00007ffa88edf000 	C:\WINDOWS\System32\windows.storage.dll
0x00007ffa87e30000 - 0x00007ffa87e4f000 	C:\WINDOWS\System32\profapi.dll
0x00007ffa87de0000 - 0x00007ffa87e2a000 	C:\WINDOWS\System32\powrprof.dll
0x00007ffa87db0000 - 0x00007ffa87dc0000 	C:\WINDOWS\System32\UMPDC.dll
0x00007ffa89d10000 - 0x00007ffa89d62000 	C:\WINDOWS\System32\shlwapi.dll
0x00007ffa87dc0000 - 0x00007ffa87dd1000 	C:\WINDOWS\System32\kernel.appcore.dll
0x00007ffa88f40000 - 0x00007ffa88f57000 	C:\WINDOWS\System32\cryptsp.dll
0x00000000578d0000 - 0x00000000579a2000 	C:\Program Files\Java\jdk1.8.0_241\jre\bin\msvcr100.dll
0x0000000057020000 - 0x00000000578cc000 	C:\Program Files\Java\jdk1.8.0_241\jre\bin\server\jvm.dll
0x00007ffa8ac10000 - 0x00007ffa8ac18000 	C:\WINDOWS\System32\PSAPI.DLL
0x00007ffa6d7d0000 - 0x00007ffa6d7d9000 	C:\WINDOWS\SYSTEM32\WSOCK32.dll
0x00007ffa89bc0000 - 0x00007ffa89c2f000 	C:\WINDOWS\System32\WS2_32.dll
0x00007ffa82ff0000 - 0x00007ffa83014000 	C:\WINDOWS\SYSTEM32\WINMM.dll
0x00007ffa82fc0000 - 0x00007ffa82fed000 	C:\WINDOWS\SYSTEM32\WINMMBASE.dll
0x00007ffa827f0000 - 0x00007ffa827ff000 	C:\Program Files\Java\jdk1.8.0_241\jre\bin\verify.dll
0x00007ffa7f640000 - 0x00007ffa7f669000 	C:\Program Files\Java\jdk1.8.0_241\jre\bin\java.dll
0x00007ffa82760000 - 0x00007ffa82776000 	C:\Program Files\Java\jdk1.8.0_241\jre\bin\zip.dll
0x00007ffa804c0000 - 0x00007ffa804cd000 	C:\Program Files\Java\jdk1.8.0_241\jre\bin\management.dll
0x00007ffa81e90000 - 0x00007ffa81eaa000 	C:\Program Files\Java\jdk1.8.0_241\jre\bin\net.dll
0x00007ffa87500000 - 0x00007ffa87567000 	C:\WINDOWS\system32\mswsock.dll
0x00007ffa80050000 - 0x00007ffa80062000 	C:\Program Files\Java\jdk1.8.0_241\jre\bin\nio.dll
0x00007ffa63300000 - 0x00007ffa63316000 	C:\WINDOWS\system32\napinsp.dll
0x00007ffa632e0000 - 0x00007ffa632fa000 	C:\WINDOWS\system32\pnrpnsp.dll
0x00007ffa87250000 - 0x00007ffa8731a000 	C:\WINDOWS\SYSTEM32\DNSAPI.dll
0x00007ffa8a4e0000 - 0x00007ffa8a4e8000 	C:\WINDOWS\System32\NSI.dll
0x00007ffa87210000 - 0x00007ffa8724a000 	C:\WINDOWS\SYSTEM32\IPHLPAPI.DLL
0x00007ffa63250000 - 0x00007ffa6325e000 	C:\WINDOWS\System32\winrnr.dll
0x00007ffa83e30000 - 0x00007ffa83e4c000 	C:\WINDOWS\system32\NLAapi.dll
0x00007ffa82fa0000 - 0x00007ffa82fb5000 	C:\WINDOWS\system32\wshbth.dll
0x00007ffa6f9c0000 - 0x00007ffa6f9ca000 	C:\Windows\System32\rasadhlp.dll
0x00007ffa7bc30000 - 0x00007ffa7bca7000 	C:\WINDOWS\System32\fwpuclnt.dll
0x00007ffa883c0000 - 0x00007ffa883e6000 	C:\WINDOWS\System32\bcrypt.dll

VM Arguments:
java_command: C:\Users\sara\AppData\Local\Temp\surefire4534596972894214389\surefirebooter3425865216532345878.jar C:\Users\sara\AppData\Local\Temp\surefire4534596972894214389 2020-03-15T13-12-50_303-jvmRun1 surefire5291028711309645744tmp surefire_06896551822680399335tmp
java_class_path (initial): C:\Users\sara\AppData\Local\Temp\surefire4534596972894214389\surefirebooter3425865216532345878.jar
Launcher Type: SUN_STANDARD

Environment Variables:
PATH=C:\Program Files (x86)\Common Files\Oracle\Java\javapath;C:\Program Files (x86)\IntelSWTools\compilers_and_libraries_2019.3.203\windows\mpi\intel64\bin;C:\Program Files (x86)\Common Files\Intel\Shared Libraries\redist\intel64_win\mpirt;C:\Program Files (x86)\Common Files\Intel\Shared Libraries\redist\intel64_win\compiler;C:\Program Files (x86)\Common Files\Intel\Shared Libraries\redist\ia32_win\mpirt;C:\Program Files (x86)\Common Files\Intel\Shared Libraries\redist\ia32_win\compiler;C:\WINDOWS\system32;C:\WINDOWS;C:\WINDOWS\System32\Wbem;C:\WINDOWS\System32\WindowsPowerShell\v1.0\;C:\WINDOWS\System32\OpenSSH\;C:\Program Files (x86)\Bitvise SSH Client;C:\Program Files\nodejs\;C:\Program Files\Microsoft SQL Server\130\Tools\Binn\;C:\Program Files (x86)\Yarn\bin\;C:\sqlite3;C:\Program Files\PuTTY\;C:\Program Files\erl10.3\bin;C:\Program Files (x86)\Elixir\bin;C:\WINDOWS\system32\config\systemprofile\.mix\escripts;C:\Program Files (x86)\Brackets\command;C:\Program Files\Git\cmd;C:\Users\sara\AppData\Local\Programs\Python\Python38\Scripts\;C:\Users\sara\AppData\Local\Programs\Python\Python38\;C:\Users\sara\AppData\Local\Microsoft\WindowsApps;C:\Users\sara\AppData\Local\Programs\Microsoft VS Code\bin;C:\Users\sara\AppData\Roaming\npm;C:\Users\sara\AppData\Local\GitHubDesktop\bin;C:\Users\sara\AppData\Local\Yarn\bin;C:\Users\sara\AppData\Local\Programs\MiKTeX 2.9\miktex\bin\x64\;%USERPROFILE%\AppData\Local\Microsoft\WindowsApps;
USERNAME=sara
OS=Windows_NT
PROCESSOR_IDENTIFIER=Intel64 Family 6 Model 61 Stepping 4, GenuineIntel



---------------  S Y S T E M  ---------------

OS: Windows 10.0 , 64 bit Build 18362 (10.0.18362.329)

CPU:total 4 (initial active 4) (2 cores per cpu, 2 threads per core) family 6 model 61 stepping 4, cmov, cx8, fxsr, mmx, sse, sse2, sse3, ssse3, sse4.1, sse4.2, popcnt, avx, avx2, aes, clmul, erms, rtm, 3dnowpref, lzcnt, ht, tsc, tscinvbit, bmi1, bmi2, adx

Memory: 4k page, physical 8259968k(1669696k free), swap 8669568k(5184k free)

vm_info: Java HotSpot(TM) 64-Bit Server VM (25.241-b07) for windows-amd64 JRE (1.8.0_241-b07), built on Dec 11 2019 10:21:40 by "rejava" with MS VC++ 10.0 (VS2010)

time: Sun Mar 15 13:12:59 2020
timezone: Œrodkowoeuropejski czas stand.
elapsed time: 7 seconds (0d 0h 0m 7s)

