#
# There is insufficient memory for the Java Runtime Environment to continue.
# Native memory allocation (malloc) failed to allocate 1645856 bytes for Chunk::new
# Possible reasons:
#   The system is out of physical RAM or swap space
#   The process is running with CompressedOops enabled, and the Java Heap may be blocking the growth of the native heap
# Possible solutions:
#   Reduce memory load on the system
#   Increase physical memory or swap space
#   Check if swap backing store is full
#   Decrease Java heap size (-Xmx/-Xms)
#   Decrease number of Java threads
#   Decrease Java thread stack sizes (-Xss)
#   Set larger code cache with -XX:ReservedCodeCacheSize=
#   JVM is running with Unscaled Compressed Oops mode in which the Java heap is
#     placed in the first 4GB address space. The Java Heap base address is the
#     maximum limit for the native heap growth. Please use -XX:HeapBaseMinAddress
#     to set the Java Heap base and to place the Java Heap above 4GB virtual address.
# This output file may be truncated or incomplete.
#
#  Out of Memory Error (allocation.cpp:389), pid=5976, tid=0x00000000000018a0
#
# JRE version: Java(TM) SE Runtime Environment (8.0_241-b07) (build 1.8.0_241-b07)
# Java VM: Java HotSpot(TM) 64-Bit Server VM (25.241-b07 mixed mode windows-amd64 compressed oops)
# Failed to write core dump. Minidumps are not enabled by default on client versions of Windows
#

---------------  T H R E A D  ---------------

Current thread (0x0000000016f7e000):  JavaThread "C2 CompilerThread1" daemon [_thread_in_native, id=6304, stack(0x00000000186d0000,0x00000000187d0000)]

Stack: [0x00000000186d0000,0x00000000187d0000]
[error occurred during error reporting (printing stack bounds), id 0xc0000005]

Native frames: (J=compiled Java code, j=interpreted, Vv=VM code, C=native code)


Current CompileTask:
C2:   8370 3049   !   4       com.sun.beans.TypeResolver::resolve (274 bytes)


---------------  P R O C E S S  ---------------

Java Threads: ( => current thread )
  0x0000000018a6b800 JavaThread "surefire-forkedjvm-ping-30s" daemon [_thread_in_native, id=3084, stack(0x0000000018fd0000,0x00000000190d0000)]
  0x00000000189cf800 JavaThread "surefire-forkedjvm-command-thread" daemon [_thread_in_native, id=10672, stack(0x0000000018ed0000,0x0000000018fd0000)]
  0x0000000018908800 JavaThread "Service Thread" daemon [_thread_blocked, id=11560, stack(0x0000000018cd0000,0x0000000018dd0000)]
  0x0000000016f88000 JavaThread "C1 CompilerThread2" daemon [_thread_blocked, id=10724, stack(0x00000000187d0000,0x00000000188d0000)]
=>0x0000000016f7e000 JavaThread "C2 CompilerThread1" daemon [_thread_in_native, id=6304, stack(0x00000000186d0000,0x00000000187d0000)]
  0x0000000016f7a800 JavaThread "C2 CompilerThread0" daemon [_thread_in_native, id=8152, stack(0x00000000185d0000,0x00000000186d0000)]
  0x0000000016f78800 JavaThread "Attach Listener" daemon [_thread_blocked, id=3248, stack(0x00000000184d0000,0x00000000185d0000)]
  0x0000000016f77800 JavaThread "Signal Dispatcher" daemon [_thread_blocked, id=4260, stack(0x00000000183d0000,0x00000000184d0000)]
  0x00000000023db000 JavaThread "Finalizer" daemon [_thread_blocked, id=4412, stack(0x00000000181c0000,0x00000000182c0000)]
  0x00000000023d2000 JavaThread "Reference Handler" daemon [_thread_blocked, id=8984, stack(0x00000000180c0000,0x00000000181c0000)]
  0x000000000241e800 JavaThread "main" [_thread_in_native, id=12504, stack(0x00000000021b0000,0x00000000022b0000)]

Other Threads:
  0x0000000016f37000 VMThread [stack: 0x0000000017fc0000,0x00000000180c0000] [id=11376]
  0x0000000016fcd000 WatcherThread [stack: 0x0000000018dd0000,0x0000000018ed0000] [id=10288]

VM state:not at safepoint (normal execution)

VM Mutex/Monitor currently owned by a thread: None

heap address: 0x0000000081e00000, size: 2018 MB, Compressed Oops mode: 32-bit
Narrow klass base: 0x0000000000000000, Narrow klass shift: 3
Compressed class space size: 1073741824 Address: 0x0000000100000000

Heap:
 PSYoungGen      total 113152K, used 60641K [0x00000000d5f80000, 0x00000000dd800000, 0x0000000100000000)
  eden space 103936K, 50% used [0x00000000d5f80000,0x00000000d92f37a0,0x00000000dc500000)
  from space 9216K, 86% used [0x00000000dcf00000,0x00000000dd6c4eb8,0x00000000dd800000)
  to   space 9728K, 0% used [0x00000000dc500000,0x00000000dc500000,0x00000000dce80000)
 ParOldGen       total 56832K, used 9680K [0x0000000081e00000, 0x0000000085580000, 0x00000000d5f80000)
  object space 56832K, 17% used [0x0000000081e00000,0x0000000082774118,0x0000000085580000)
 Metaspace       used 31194K, capacity 33538K, committed 33920K, reserved 1079296K
  class space    used 4208K, capacity 4629K, committed 4736K, reserved 1048576K

Card table byte_map: [0x0000000011810000,0x0000000011c10000] byte_map_base: 0x0000000011401000

Marking Bits: (ParMarkBitMap*) 0x000000005784be30
 Begin Bits: [0x00000000122c0000, 0x0000000014248000)
 End Bits:   [0x0000000014248000, 0x00000000161d0000)

Polling page: 0x00000000007d0000

CodeCache: size=245760Kb used=10979Kb max_used=10979Kb free=234780Kb
 bounds [0x0000000002450000, 0x0000000002f10000, 0x0000000011450000]
 total_blobs=3526 nmethods=3127 adapters=310
 compilation: enabled

Compilation events (10 events):
Event: 8.293 Thread 0x0000000016f88000 3131       3       org.springframework.beans.ExtendedBeanInfoFactory::supports (41 bytes)
Event: 8.294 Thread 0x0000000016f88000 nmethod 3131 0x0000000002f0b950 code [0x0000000002f0bb00, 0x0000000002f0bf68]
Event: 8.301 Thread 0x0000000016f88000 3132       3       org.springframework.core.ResolvableType::isAssignableFrom (7 bytes)
Event: 8.302 Thread 0x0000000016f88000 nmethod 3132 0x0000000002f0c1d0 code [0x0000000002f0c340, 0x0000000002f0c4c8]
Event: 8.312 Thread 0x0000000016f88000 3133       3       org.junit.platform.commons.util.AnnotationUtils::findMetaAnnotation (84 bytes)
Event: 8.313 Thread 0x0000000016f88000 nmethod 3133 0x0000000002f0c550 code [0x0000000002f0c740, 0x0000000002f0d1c8]
Event: 8.316 Thread 0x0000000016f88000 3134       3       java.util.ArrayList::clear (39 bytes)
Event: 8.316 Thread 0x0000000016f88000 nmethod 3134 0x0000000002f0d6d0 code [0x0000000002f0d840, 0x0000000002f0dbb0]
Event: 8.316 Thread 0x0000000016f88000 3135       1       java.lang.ThreadLocal::getMap (5 bytes)
Event: 8.316 Thread 0x0000000016f88000 nmethod 3135 0x0000000002f0dd10 code [0x0000000002f0de60, 0x0000000002f0df70]

GC Heap History (10 events):
Event: 3.353 GC heap before
{Heap before GC invocations=3 (full 0):
 PSYoungGen      total 38400K, used 38372K [0x00000000d5f80000, 0x00000000d8a00000, 0x0000000100000000)
  eden space 33280K, 100% used [0x00000000d5f80000,0x00000000d8000000,0x00000000d8000000)
  from space 5120K, 99% used [0x00000000d8500000,0x00000000d89f9390,0x00000000d8a00000)
  to   space 5120K, 0% used [0x00000000d8000000,0x00000000d8000000,0x00000000d8500000)
 ParOldGen       total 87552K, used 826K [0x0000000081e00000, 0x0000000087380000, 0x00000000d5f80000)
  object space 87552K, 0% used [0x0000000081e00000,0x0000000081ece848,0x0000000087380000)
 Metaspace       used 18032K, capacity 19126K, committed 19328K, reserved 1067008K
  class space    used 2400K, capacity 2627K, committed 2688K, reserved 1048576K
Event: 3.365 GC heap after
Heap after GC invocations=3 (full 0):
 PSYoungGen      total 38400K, used 5093K [0x00000000d5f80000, 0x00000000daa80000, 0x0000000100000000)
  eden space 33280K, 0% used [0x00000000d5f80000,0x00000000d5f80000,0x00000000d8000000)
  from space 5120K, 99% used [0x00000000d8000000,0x00000000d84f9678,0x00000000d8500000)
  to   space 5120K, 0% used [0x00000000da580000,0x00000000da580000,0x00000000daa80000)
 ParOldGen       total 87552K, used 2827K [0x0000000081e00000, 0x0000000087380000, 0x00000000d5f80000)
  object space 87552K, 3% used [0x0000000081e00000,0x00000000820c2fc8,0x0000000087380000)
 Metaspace       used 18032K, capacity 19126K, committed 19328K, reserved 1067008K
  class space    used 2400K, capacity 2627K, committed 2688K, reserved 1048576K
}
Event: 3.633 GC heap before
{Heap before GC invocations=4 (full 0):
 PSYoungGen      total 38400K, used 25267K [0x00000000d5f80000, 0x00000000daa80000, 0x0000000100000000)
  eden space 33280K, 60% used [0x00000000d5f80000,0x00000000d7333838,0x00000000d8000000)
  from space 5120K, 99% used [0x00000000d8000000,0x00000000d84f9678,0x00000000d8500000)
  to   space 5120K, 0% used [0x00000000da580000,0x00000000da580000,0x00000000daa80000)
 ParOldGen       total 87552K, used 2827K [0x0000000081e00000, 0x0000000087380000, 0x00000000d5f80000)
  object space 87552K, 3% used [0x0000000081e00000,0x00000000820c2fc8,0x0000000087380000)
 Metaspace       used 19876K, capacity 21068K, committed 21248K, reserved 1067008K
  class space    used 2707K, capacity 2948K, committed 3072K, reserved 1048576K
Event: 3.640 GC heap after
Heap after GC invocations=4 (full 0):
 PSYoungGen      total 71680K, used 5098K [0x00000000d5f80000, 0x00000000daa80000, 0x0000000100000000)
  eden space 66560K, 0% used [0x00000000d5f80000,0x00000000d5f80000,0x00000000da080000)
  from space 5120K, 99% used [0x00000000da580000,0x00000000daa7a858,0x00000000daa80000)
  to   space 5120K, 0% used [0x00000000da080000,0x00000000da080000,0x00000000da580000)
 ParOldGen       total 87552K, used 4247K [0x0000000081e00000, 0x0000000087380000, 0x00000000d5f80000)
  object space 87552K, 4% used [0x0000000081e00000,0x0000000082225f18,0x0000000087380000)
 Metaspace       used 19876K, capacity 21068K, committed 21248K, reserved 1067008K
  class space    used 2707K, capacity 2948K, committed 3072K, reserved 1048576K
}
Event: 3.640 GC heap before
{Heap before GC invocations=5 (full 1):
 PSYoungGen      total 71680K, used 5098K [0x00000000d5f80000, 0x00000000daa80000, 0x0000000100000000)
  eden space 66560K, 0% used [0x00000000d5f80000,0x00000000d5f80000,0x00000000da080000)
  from space 5120K, 99% used [0x00000000da580000,0x00000000daa7a858,0x00000000daa80000)
  to   space 5120K, 0% used [0x00000000da080000,0x00000000da080000,0x00000000da580000)
 ParOldGen       total 87552K, used 4247K [0x0000000081e00000, 0x0000000087380000, 0x00000000d5f80000)
  object space 87552K, 4% used [0x0000000081e00000,0x0000000082225f18,0x0000000087380000)
 Metaspace       used 19876K, capacity 21068K, committed 21248K, reserved 1067008K
  class space    used 2707K, capacity 2948K, committed 3072K, reserved 1048576K
Event: 3.677 GC heap after
Heap after GC invocations=5 (full 1):
 PSYoungGen      total 71680K, used 0K [0x00000000d5f80000, 0x00000000daa80000, 0x0000000100000000)
  eden space 66560K, 0% used [0x00000000d5f80000,0x00000000d5f80000,0x00000000da080000)
  from space 5120K, 0% used [0x00000000da580000,0x00000000da580000,0x00000000daa80000)
  to   space 5120K, 0% used [0x00000000da080000,0x00000000da080000,0x00000000da580000)
 ParOldGen       total 56832K, used 6328K [0x0000000081e00000, 0x0000000085580000, 0x00000000d5f80000)
  object space 56832K, 11% used [0x0000000081e00000,0x000000008242e138,0x0000000085580000)
 Metaspace       used 19876K, capacity 21068K, committed 21248K, reserved 1067008K
  class space    used 2707K, capacity 2948K, committed 3072K, reserved 1048576K
}
Event: 5.134 GC heap before
{Heap before GC invocations=6 (full 1):
 PSYoungGen      total 71680K, used 66560K [0x00000000d5f80000, 0x00000000daa80000, 0x0000000100000000)
  eden space 66560K, 100% used [0x00000000d5f80000,0x00000000da080000,0x00000000da080000)
  from space 5120K, 0% used [0x00000000da580000,0x00000000da580000,0x00000000daa80000)
  to   space 5120K, 0% used [0x00000000da080000,0x00000000da080000,0x00000000da580000)
 ParOldGen       total 56832K, used 6328K [0x0000000081e00000, 0x0000000085580000, 0x00000000d5f80000)
  object space 56832K, 11% used [0x0000000081e00000,0x000000008242e138,0x0000000085580000)
 Metaspace       used 25962K, capacity 27472K, committed 27648K, reserved 1073152K
  class space    used 3469K, capacity 3798K, committed 3840K, reserved 1048576K
Event: 5.152 GC heap after
Heap after GC invocations=6 (full 1):
 PSYoungGen      total 71680K, used 5107K [0x00000000d5f80000, 0x00000000dd800000, 0x0000000100000000)
  eden space 66560K, 0% used [0x00000000d5f80000,0x00000000d5f80000,0x00000000da080000)
  from space 5120K, 99% used [0x00000000da080000,0x00000000da57cdc0,0x00000000da580000)
  to   space 9216K, 0% used [0x00000000dcf00000,0x00000000dcf00000,0x00000000dd800000)
 ParOldGen       total 56832K, used 9680K [0x0000000081e00000, 0x0000000085580000, 0x00000000d5f80000)
  object space 56832K, 17% used [0x0000000081e00000,0x0000000082774118,0x0000000085580000)
 Metaspace       used 25962K, capacity 27472K, committed 27648K, reserved 1073152K
  class space    used 3469K, capacity 3798K, committed 3840K, reserved 1048576K
}
Event: 6.937 GC heap before
{Heap before GC invocations=7 (full 1):
 PSYoungGen      total 71680K, used 71667K [0x00000000d5f80000, 0x00000000dd800000, 0x0000000100000000)
  eden space 66560K, 100% used [0x00000000d5f80000,0x00000000da080000,0x00000000da080000)
  from space 5120K, 99% used [0x00000000da080000,0x00000000da57cdc0,0x00000000da580000)
  to   space 9216K, 0% used [0x00000000dcf00000,0x00000000dcf00000,0x00000000dd800000)
 ParOldGen       total 56832K, used 9680K [0x0000000081e00000, 0x0000000085580000, 0x00000000d5f80000)
  object space 56832K, 17% used [0x0000000081e00000,0x0000000082774118,0x0000000085580000)
 Metaspace       used 29664K, capacity 31742K, committed 31872K, reserved 1077248K
  class space    used 3989K, capacity 4385K, committed 4480K, reserved 1048576K
Event: 6.956 GC heap after
Heap after GC invocations=7 (full 1):
 PSYoungGen      total 113152K, used 7955K [0x00000000d5f80000, 0x00000000dd800000, 0x0000000100000000)
  eden space 103936K, 0% used [0x00000000d5f80000,0x00000000d5f80000,0x00000000dc500000)
  from space 9216K, 86% used [0x00000000dcf00000,0x00000000dd6c4eb8,0x00000000dd800000)
  to   space 9728K, 0% used [0x00000000dc500000,0x00000000dc500000,0x00000000dce80000)
 ParOldGen       total 56832K, used 9680K [0x0000000081e00000, 0x0000000085580000, 0x00000000d5f80000)
  object space 56832K, 17% used [0x0000000081e00000,0x0000000082774118,0x0000000085580000)
 Metaspace       used 29664K, capacity 31742K, committed 31872K, reserved 1077248K
  class space    used 3989K, capacity 4385K, committed 4480K, reserved 1048576K
}

Deoptimization events (10 events):
Event: 5.843 Thread 0x000000000241e800 Uncommon trap: reason=unstable_if action=reinterpret pc=0x0000000002c045e8 method=java.util.WeakHashMap.remove(Ljava/lang/Object;)Ljava/lang/Object; @ 94
Event: 6.028 Thread 0x000000000241e800 Uncommon trap: reason=unstable_if action=reinterpret pc=0x00000000029e0cfc method=java.io.WinNTFileSystem.isLetter(C)Z @ 3
Event: 6.039 Thread 0x000000000241e800 Uncommon trap: reason=unstable_if action=reinterpret pc=0x00000000029fdbc8 method=java.io.WinNTFileSystem.resolve(Ljava/lang/String;Ljava/lang/String;)Ljava/lang/String; @ 117
Event: 6.236 Thread 0x000000000241e800 Uncommon trap: reason=unstable_if action=reinterpret pc=0x0000000002ce94c8 method=org.springframework.boot.context.properties.source.ConfigurationPropertyName$Elements.getLength(I)I @ 13
Event: 6.367 Thread 0x000000000241e800 Uncommon trap: reason=unstable_if action=reinterpret pc=0x0000000002ca9480 method=java.lang.reflect.Method.equals(Ljava/lang/Object;)Z @ 49
Event: 6.613 Thread 0x000000000241e800 Uncommon trap: reason=unstable_if action=reinterpret pc=0x0000000002d7a400 method=java.lang.reflect.Method.equals(Ljava/lang/Object;)Z @ 1
Event: 7.165 Thread 0x000000000241e800 Uncommon trap: reason=unstable_if action=reinterpret pc=0x0000000002e56a90 method=org.springframework.beans.factory.support.AbstractBeanFactory.isTypeMatch(Ljava/lang/String;Lorg/springframework/core/ResolvableType;Z)Z @ 72
Event: 7.786 Thread 0x000000000241e800 Uncommon trap: reason=unstable_if action=reinterpret pc=0x0000000002d7e1bc method=org.springframework.beans.factory.support.DefaultSingletonBeanRegistry.getSingleton(Ljava/lang/String;Z)Ljava/lang/Object; @ 47
Event: 8.225 Thread 0x000000000241e800 Uncommon trap: reason=unstable_if action=reinterpret pc=0x0000000002d2a118 method=org.springframework.util.ConcurrentReferenceHashMap$Segment.clear()V @ 7
Event: 8.293 Thread 0x000000000241e800 Uncommon trap: reason=unstable_if action=reinterpret pc=0x0000000002ccdc40 method=java.util.LinkedHashMap.get(Ljava/lang/Object;)Ljava/lang/Object; @ 20

Classes redefined (0 events):
No events

Internal exceptions (10 events):
Event: 8.162 Thread 0x000000000241e800 Exception <a 'java/lang/ClassNotFoundException': org/springframework/core/env/EnvironmentCapableCustomizer> (0x00000000d8deeff0) thrown at [C:\ade\jenkins\workspace\8-2-build-windows-amd64-cygwin\jdk8u241\331\hotspot\src\share\vm\classfile\systemDictionar
Event: 8.167 Thread 0x000000000241e800 Exception <a 'java/lang/ClassNotFoundException': org/springframework/web/context/ServletContextAwareCustomizer> (0x00000000d8e07e68) thrown at [C:\ade\jenkins\workspace\8-2-build-windows-amd64-cygwin\jdk8u241\331\hotspot\src\share\vm\classfile\systemDicti
Event: 8.168 Thread 0x000000000241e800 Exception <a 'java/lang/ClassNotFoundException': org/springframework/beans/factory/AwareCustomizer> (0x00000000d8e1d8a8) thrown at [C:\ade\jenkins\workspace\8-2-build-windows-amd64-cygwin\jdk8u241\331\hotspot\src\share\vm\classfile\systemDictionary.cpp, l
Event: 8.169 Thread 0x000000000241e800 Exception <a 'java/lang/ClassNotFoundException': org/springframework/beans/factory/InitializingBeanCustomizer> (0x00000000d8e34f48) thrown at [C:\ade\jenkins\workspace\8-2-build-windows-amd64-cygwin\jdk8u241\331\hotspot\src\share\vm\classfile\systemDictio
Event: 8.170 Thread 0x000000000241e800 Exception <a 'java/lang/ClassNotFoundException': org/springframework/beans/factory/DisposableBeanCustomizer> (0x00000000d8e4bfb8) thrown at [C:\ade\jenkins\workspace\8-2-build-windows-amd64-cygwin\jdk8u241\331\hotspot\src\share\vm\classfile\systemDictiona
Event: 8.174 Thread 0x000000000241e800 Exception <a 'java/lang/ClassNotFoundException': java/lang/ObjectCustomizer> (0x00000000d8e63028) thrown at [C:\ade\jenkins\workspace\8-2-build-windows-amd64-cygwin\jdk8u241\331\hotspot\src\share\vm\classfile\systemDictionary.cpp, line 210]
Event: 8.175 Thread 0x000000000241e800 Exception <a 'java/lang/ClassNotFoundException': org/springframework/web/multipart/support/StandardServletMultipartResolverCustomizer> (0x00000000d8e83b20) thrown at [C:\ade\jenkins\workspace\8-2-build-windows-amd64-cygwin\jdk8u241\331\hotspot\src\share\v
Event: 8.177 Thread 0x000000000241e800 Exception <a 'java/lang/ClassNotFoundException': org/springframework/web/multipart/MultipartResolverCustomizer> (0x00000000d8ea05b0) thrown at [C:\ade\jenkins\workspace\8-2-build-windows-amd64-cygwin\jdk8u241\331\hotspot\src\share\vm\classfile\systemDicti
Event: 8.298 Thread 0x000000000241e800 Exception <a 'java/lang/ClassNotFoundException': java/lang/ObjectCustomizer> (0x00000000d90ea730) thrown at [C:\ade\jenkins\workspace\8-2-build-windows-amd64-cygwin\jdk8u241\331\hotspot\src\share\vm\classfile\systemDictionary.cpp, line 210]
Event: 8.299 Thread 0x000000000241e800 Exception <a 'java/lang/ClassNotFoundException': com/rest/restapi/RestapiApplicationTestsCustomizer> (0x00000000d9102000) thrown at [C:\ade\jenkins\workspace\8-2-build-windows-amd64-cygwin\jdk8u241\331\hotspot\src\share\vm\classfile\systemDictionary.cpp, 

Events (10 events):
Event: 8.357 loading class org/mockito/internal/stubbing/defaultanswers/ReturnsSmartNulls
Event: 8.357 loading class org/mockito/internal/stubbing/defaultanswers/ReturnsSmartNulls done
Event: 8.358 loading class org/mockito/internal/stubbing/defaultanswers/RetrieveGenericsForDefaultAnswers$AnswerCallback
Event: 8.358 loading class org/mockito/internal/stubbing/defaultanswers/RetrieveGenericsForDefaultAnswers$AnswerCallback done
Event: 8.359 loading class org/mockito/internal/stubbing/defaultanswers/ReturnsMoreEmptyValues
Event: 8.359 loading class org/mockito/internal/stubbing/defaultanswers/ReturnsMoreEmptyValues done
Event: 8.360 loading class org/mockito/internal/stubbing/defaultanswers/ReturnsEmptyValues
Event: 8.360 loading class org/mockito/internal/stubbing/defaultanswers/ReturnsEmptyValues done
Event: 8.365 loading class org/mockito/internal/stubbing/defaultanswers/ReturnsMocks
Event: 8.365 loading class org/mockito/internal/stubbing/defaultanswers/ReturnsMocks done


Dynamic libraries:
0x00007ff750e30000 - 0x00007ff750e67000 	C:\Program Files\Java\jdk1.8.0_241\jre\bin\java.exe
0x00007ffa8aee0000 - 0x00007ffa8b0d0000 	C:\WINDOWS\SYSTEM32\ntdll.dll
0x00007ffa80480000 - 0x00007ffa80495000 	C:\Program Files\AVAST Software\Avast\aswhook.dll
0x00007ffa8a500000 - 0x00007ffa8a5b2000 	C:\WINDOWS\System32\KERNEL32.DLL
0x00007ffa87e70000 - 0x00007ffa88113000 	C:\WINDOWS\System32\KERNELBASE.dll
0x00007ffa8a830000 - 0x00007ffa8a8d3000 	C:\WINDOWS\System32\ADVAPI32.dll
0x00007ffa89020000 - 0x00007ffa890be000 	C:\WINDOWS\System32\msvcrt.dll
0x00007ffa8ac20000 - 0x00007ffa8acb7000 	C:\WINDOWS\System32\sechost.dll
0x00007ffa8aa20000 - 0x00007ffa8ab40000 	C:\WINDOWS\System32\RPCRT4.dll
0x00007ffa8a690000 - 0x00007ffa8a824000 	C:\WINDOWS\System32\USER32.dll
0x00007ffa88f60000 - 0x00007ffa88f81000 	C:\WINDOWS\System32\win32u.dll
0x00007ffa89ce0000 - 0x00007ffa89d06000 	C:\WINDOWS\System32\GDI32.dll
0x00007ffa88470000 - 0x00007ffa88604000 	C:\WINDOWS\System32\gdi32full.dll
0x00007ffa88610000 - 0x00007ffa886ae000 	C:\WINDOWS\System32\msvcp_win.dll
0x00007ffa88120000 - 0x00007ffa8821a000 	C:\WINDOWS\System32\ucrtbase.dll
0x00007ffa77910000 - 0x00007ffa77b95000 	C:\WINDOWS\WinSxS\amd64_microsoft.windows.common-controls_6595b64144ccf1df_6.0.18362.657_none_e6c5b579130e3898\COMCTL32.dll
0x00007ffa89880000 - 0x00007ffa89bb6000 	C:\WINDOWS\System32\combase.dll
0x00007ffa883f0000 - 0x00007ffa88470000 	C:\WINDOWS\System32\bcryptPrimitives.dll
0x00007ffa88f90000 - 0x00007ffa88fbe000 	C:\WINDOWS\System32\IMM32.DLL
0x00007ffa87ab0000 - 0x00007ffa87ba7000 	C:\Windows\system32\guard64.dll
0x00007ffa87900000 - 0x00007ffa8790a000 	C:\WINDOWS\system32\version.dll
0x00007ffa8acc0000 - 0x00007ffa8ae16000 	C:\WINDOWS\System32\ole32.dll
0x00007ffa87800000 - 0x00007ffa8780a000 	C:\WINDOWS\system32\fltlib.dll
0x00007ffa890c0000 - 0x00007ffa897a5000 	C:\WINDOWS\System32\shell32.dll
0x00007ffa88370000 - 0x00007ffa883ba000 	C:\WINDOWS\System32\cfgmgr32.dll
0x00007ffa89f40000 - 0x00007ffa89fe9000 	C:\WINDOWS\System32\shcore.dll
0x00007ffa88760000 - 0x00007ffa88edf000 	C:\WINDOWS\System32\windows.storage.dll
0x00007ffa87e30000 - 0x00007ffa87e4f000 	C:\WINDOWS\System32\profapi.dll
0x00007ffa87de0000 - 0x00007ffa87e2a000 	C:\WINDOWS\System32\powrprof.dll
0x00007ffa87db0000 - 0x00007ffa87dc0000 	C:\WINDOWS\System32\UMPDC.dll
0x00007ffa89d10000 - 0x00007ffa89d62000 	C:\WINDOWS\System32\shlwapi.dll
0x00007ffa87dc0000 - 0x00007ffa87dd1000 	C:\WINDOWS\System32\kernel.appcore.dll
0x00007ffa88f40000 - 0x00007ffa88f57000 	C:\WINDOWS\System32\cryptsp.dll
0x00000000578d0000 - 0x00000000579a2000 	C:\Program Files\Java\jdk1.8.0_241\jre\bin\msvcr100.dll
0x0000000057020000 - 0x00000000578cc000 	C:\Program Files\Java\jdk1.8.0_241\jre\bin\server\jvm.dll
0x00007ffa8ac10000 - 0x00007ffa8ac18000 	C:\WINDOWS\System32\PSAPI.DLL
0x00007ffa6d7d0000 - 0x00007ffa6d7d9000 	C:\WINDOWS\SYSTEM32\WSOCK32.dll
0x00007ffa89bc0000 - 0x00007ffa89c2f000 	C:\WINDOWS\System32\WS2_32.dll
0x00007ffa82ff0000 - 0x00007ffa83014000 	C:\WINDOWS\SYSTEM32\WINMM.dll
0x00007ffa82fc0000 - 0x00007ffa82fed000 	C:\WINDOWS\SYSTEM32\WINMMBASE.dll
0x00007ffa82810000 - 0x00007ffa8281f000 	C:\Program Files\Java\jdk1.8.0_241\jre\bin\verify.dll
0x00007ffa827e0000 - 0x00007ffa82809000 	C:\Program Files\Java\jdk1.8.0_241\jre\bin\java.dll
0x00007ffa82760000 - 0x00007ffa82776000 	C:\Program Files\Java\jdk1.8.0_241\jre\bin\zip.dll
0x00007ffa7f9d0000 - 0x00007ffa7f9dd000 	C:\Program Files\Java\jdk1.8.0_241\jre\bin\management.dll
0x00007ffa81e90000 - 0x00007ffa81eaa000 	C:\Program Files\Java\jdk1.8.0_241\jre\bin\net.dll
0x00007ffa87500000 - 0x00007ffa87567000 	C:\WINDOWS\system32\mswsock.dll
0x00007ffa80050000 - 0x00007ffa80062000 	C:\Program Files\Java\jdk1.8.0_241\jre\bin\nio.dll
0x00007ffa63300000 - 0x00007ffa63316000 	C:\WINDOWS\system32\napinsp.dll
0x00007ffa632e0000 - 0x00007ffa632fa000 	C:\WINDOWS\system32\pnrpnsp.dll
0x00007ffa87250000 - 0x00007ffa8731a000 	C:\WINDOWS\SYSTEM32\DNSAPI.dll
0x00007ffa8a4e0000 - 0x00007ffa8a4e8000 	C:\WINDOWS\System32\NSI.dll
0x00007ffa87210000 - 0x00007ffa8724a000 	C:\WINDOWS\SYSTEM32\IPHLPAPI.DLL
0x00007ffa63250000 - 0x00007ffa6325e000 	C:\WINDOWS\System32\winrnr.dll
0x00007ffa83e30000 - 0x00007ffa83e4c000 	C:\WINDOWS\system32\NLAapi.dll
0x00007ffa82fa0000 - 0x00007ffa82fb5000 	C:\WINDOWS\system32\wshbth.dll
0x00007ffa6f9c0000 - 0x00007ffa6f9ca000 	C:\Windows\System32\rasadhlp.dll
0x00007ffa7bc30000 - 0x00007ffa7bca7000 	C:\WINDOWS\System32\fwpuclnt.dll
0x00007ffa883c0000 - 0x00007ffa883e6000 	C:\WINDOWS\System32\bcrypt.dll

VM Arguments:
java_command: C:\Users\sara\AppData\Local\Temp\surefire4441015036167629214\surefirebooter8104040790967583272.jar C:\Users\sara\AppData\Local\Temp\surefire4441015036167629214 2020-03-15T13-16-37_227-jvmRun1 surefire4736778054044256566tmp surefire_07423004864223754392tmp
java_class_path (initial): C:\Users\sara\AppData\Local\Temp\surefire4441015036167629214\surefirebooter8104040790967583272.jar
Launcher Type: SUN_STANDARD

Environment Variables:
PATH=C:\Program Files (x86)\Common Files\Oracle\Java\javapath;C:\Program Files (x86)\IntelSWTools\compilers_and_libraries_2019.3.203\windows\mpi\intel64\bin;C:\Program Files (x86)\Common Files\Intel\Shared Libraries\redist\intel64_win\mpirt;C:\Program Files (x86)\Common Files\Intel\Shared Libraries\redist\intel64_win\compiler;C:\Program Files (x86)\Common Files\Intel\Shared Libraries\redist\ia32_win\mpirt;C:\Program Files (x86)\Common Files\Intel\Shared Libraries\redist\ia32_win\compiler;C:\WINDOWS\system32;C:\WINDOWS;C:\WINDOWS\System32\Wbem;C:\WINDOWS\System32\WindowsPowerShell\v1.0\;C:\WINDOWS\System32\OpenSSH\;C:\Program Files (x86)\Bitvise SSH Client;C:\Program Files\nodejs\;C:\Program Files\Microsoft SQL Server\130\Tools\Binn\;C:\Program Files (x86)\Yarn\bin\;C:\sqlite3;C:\Program Files\PuTTY\;C:\Program Files\erl10.3\bin;C:\Program Files (x86)\Elixir\bin;C:\WINDOWS\system32\config\systemprofile\.mix\escripts;C:\Program Files (x86)\Brackets\command;C:\Program Files\Git\cmd;C:\Users\sara\AppData\Local\Programs\Python\Python38\Scripts\;C:\Users\sara\AppData\Local\Programs\Python\Python38\;C:\Users\sara\AppData\Local\Microsoft\WindowsApps;C:\Users\sara\AppData\Local\Programs\Microsoft VS Code\bin;C:\Users\sara\AppData\Roaming\npm;C:\Users\sara\AppData\Local\GitHubDesktop\bin;C:\Users\sara\AppData\Local\Yarn\bin;C:\Users\sara\AppData\Local\Programs\MiKTeX 2.9\miktex\bin\x64\;%USERPROFILE%\AppData\Local\Microsoft\WindowsApps;
USERNAME=sara
OS=Windows_NT
PROCESSOR_IDENTIFIER=Intel64 Family 6 Model 61 Stepping 4, GenuineIntel



---------------  S Y S T E M  ---------------

OS: Windows 10.0 , 64 bit Build 18362 (10.0.18362.329)

CPU:total 4 (initial active 4) (2 cores per cpu, 2 threads per core) family 6 model 61 stepping 4, cmov, cx8, fxsr, mmx, sse, sse2, sse3, ssse3, sse4.1, sse4.2, popcnt, avx, avx2, aes, clmul, erms, rtm, 3dnowpref, lzcnt, ht, tsc, tscinvbit, bmi1, bmi2, adx

Memory: 4k page, physical 8259968k(1730844k free), swap 8669568k(8344k free)

vm_info: Java HotSpot(TM) 64-Bit Server VM (25.241-b07) for windows-amd64 JRE (1.8.0_241-b07), built on Dec 11 2019 10:21:40 by "rejava" with MS VC++ 10.0 (VS2010)

time: Sun Mar 15 13:16:47 2020
timezone: Œrodkowoeuropejski czas stand.
elapsed time: 8 seconds (0d 0h 0m 8s)

